Initiating legacy licensing module
LICENSE SYSTEM [20191026 11:52:51] Next license update check is after 2019-10-27T16:08:28


LICENSE SYSTEM [20191026 11:52:51] 00325-95800-00000-AAOEM != 00325-96338-70568-AAOEM

Built from '2018.3/staging' branch; Version is '2018.3.11f1 (5063218e4ab8) revision 5268257'; Using compiler version '191326128'
OS: 'Windows 10  (10.0.0) 64bit' Language: 'en' Physical Memory: 16178 MB
BatchMode: 0, IsHumanControllingUs: 1, StartBugReporterOnCrash: 1, Is64bit: 1, IsPro: 0
[Package Manager] Server::Start -- Port 61512 was selected

 COMMAND LINE ARGUMENTS:
C:\Program Files\Unity\Hub\Editor\2018.3.11f1\Editor\Unity.exe
-projectpath
D:/Repos/PersonalGithub/kafka-unity/unity-kafka
-useHub
-hubIPC
-cloudEnvironment
production
-hubSessionId
6dc12350-f810-11e9-865d-15a597d7807f
-accessToken
Uv377Hj3Ia25oDVTL3QnKOLxyfgM5bNSzIrAh2F-COg002f
Successfully changed project path to: D:/Repos/PersonalGithub/kafka-unity/unity-kafka
D:/Repos/PersonalGithub/kafka-unity/unity-kafka
Using Asset Import Pipeline V1.
Initiating legacy licensing moduleLoading GUID <-> Path mappings...0.000083 seconds
Loading Asset Database...0.010326 seconds
Build target: OSXUniversal found and added!
Build target: WindowsStoreApps found and added!
Build target: Win64 found and added!
Build target: Win found and added!
Build target: LinuxUniversal found and added!
Build target: Linux64 found and added!
Build target: Linux found and added!
Build target: iOS found and added!
Build target: tvOS found and added!
Build target: PS4 found and added!
Build target: XboxOne found and added!
Build target: Android found and added!
Build target: WebGL found and added!
Build target: Switch found and added!
Build target: Lumin found and added!
Build target: PSM found and added!
Build target: PSP2 found and added!
Build target: WiiU found and added!
Build target: Web found and added!
Build target: WebStreamed found and added!
Build target: OSXIntel found and added!
Build target: OSXIntel64 found and added!
Build target: BlackBerry found and added!
Build target: PS3 found and added!
Build target: N3DS found and added!
Build target: WP8 found and added!
Build target: SamsungTV found and added!
Build target: Tizen found and added!
AssetDatabase consistency checks...0.025217 seconds
Multiple plugins with the same name 'libzstd' (found at 'Assets/packages/librdkafka.redist.1.2.1/runtimes/win-x64/native/libzstd.dll' and 'Assets/packages/librdkafka.redist.1.2.1/runtimes/win-x86/native/libzstd.dll'). That means one or more plugins are set to be compatible with Editor. Only one plugin at the time can be used by Editor.
 
(Filename: C:\buildslave\unity\build\Editor/Src/AssetPipeline/PluginManager.cpp Line: 150)

Multiple plugins with the same name 'librdkafka' (found at 'Assets/packages/librdkafka.redist.1.2.1/runtimes/win-x86/native/librdkafka.dll' and 'Assets/packages/librdkafka.redist.1.2.1/runtimes/win-x64/native/librdkafka.dll'). That means one or more plugins are set to be compatible with Editor. Only one plugin at the time can be used by Editor.
 
(Filename: C:\buildslave\unity\build\Editor/Src/AssetPipeline/PluginManager.cpp Line: 150)

Multiple plugins with the same name 'librdkafkacpp' (found at 'Assets/packages/librdkafka.redist.1.2.1/runtimes/win-x64/native/librdkafkacpp.dll' and 'Assets/packages/librdkafka.redist.1.2.1/runtimes/win-x86/native/librdkafkacpp.dll'). That means one or more plugins are set to be compatible with Editor. Only one plugin at the time can be used by Editor.
 
(Filename: C:\buildslave\unity\build\Editor/Src/AssetPipeline/PluginManager.cpp Line: 150)

Multiple plugins with the same name 'msvcr120' (found at 'Assets/packages/librdkafka.redist.1.2.1/runtimes/win-x64/native/msvcr120.dll' and 'Assets/packages/librdkafka.redist.1.2.1/runtimes/win-x86/native/msvcr120.dll'). That means one or more plugins are set to be compatible with Editor. Only one plugin at the time can be used by Editor.
 
(Filename: C:\buildslave\unity\build\Editor/Src/AssetPipeline/PluginManager.cpp Line: 150)

Multiple plugins with the same name 'zlib' (found at 'Assets/packages/librdkafka.redist.1.2.1/runtimes/win-x86/native/zlib.dll' and 'Assets/packages/librdkafka.redist.1.2.1/runtimes/win-x64/native/zlib.dll'). That means one or more plugins are set to be compatible with Editor. Only one plugin at the time can be used by Editor.
 
(Filename: C:\buildslave\unity\build\Editor/Src/AssetPipeline/PluginManager.cpp Line: 150)

Multiple plugins with the same name 'msvcp120' (found at 'Assets/packages/librdkafka.redist.1.2.1/runtimes/win-x64/native/msvcp120.dll' and 'Assets/packages/librdkafka.redist.1.2.1/runtimes/win-x86/native/msvcp120.dll'). That means one or more plugins are set to be compatible with Editor. Only one plugin at the time can be used by Editor.
 
(Filename: C:\buildslave\unity\build\Editor/Src/AssetPipeline/PluginManager.cpp Line: 150)

Refreshing native plugins compatible for Editor in 36.22 ms, found 10 plugins.
Preloading 0 native plugins for Editor in 0.00 ms.
[Package Manager] Done resolving packages in 0.18s seconds
[Package Manager] Registering 36 packages:
[Package Manager]  * Package :  com.unity.ads@2.0.8
    (location: D:\Repos\PersonalGithub\kafka-unity\unity-kafka\Library\PackageCache\com.unity.ads@2.0.8)
[Package Manager]  * Package :  com.unity.analytics@3.2.2
    (location: D:\Repos\PersonalGithub\kafka-unity\unity-kafka\Library\PackageCache\com.unity.analytics@3.2.2)
[Package Manager]  * Package :  com.unity.collab-proxy@1.2.15
    (location: D:\Repos\PersonalGithub\kafka-unity\unity-kafka\Library\PackageCache\com.unity.collab-proxy@1.2.15)
[Package Manager]  * Package :  com.unity.package-manager-ui@2.0.7
    (location: D:\Repos\PersonalGithub\kafka-unity\unity-kafka\Library\PackageCache\com.unity.package-manager-ui@2.0.7)
[Package Manager]  * Package :  com.unity.purchasing@2.0.3
    (location: D:\Repos\PersonalGithub\kafka-unity\unity-kafka\Library\PackageCache\com.unity.purchasing@2.0.3)
[Package Manager]  * Package :  com.unity.textmeshpro@1.3.0
    (location: D:\Repos\PersonalGithub\kafka-unity\unity-kafka\Library\PackageCache\com.unity.textmeshpro@1.3.0)
[Package Manager]  * Package :  com.unity.modules.ai@1.0.0
    (location: C:\Program Files\Unity\Hub\Editor\2018.3.11f1\Editor\Data\Resources\PackageManager\BuiltInPackages\com.unity.modules.ai)
[Package Manager]  * Package :  com.unity.modules.animation@1.0.0
    (location: C:\Program Files\Unity\Hub\Editor\2018.3.11f1\Editor\Data\Resources\PackageManager\BuiltInPackages\com.unity.modules.animation)
[Package Manager]  * Package :  com.unity.modules.assetbundle@1.0.0
    (location: C:\Program Files\Unity\Hub\Editor\2018.3.11f1\Editor\Data\Resources\PackageManager\BuiltInPackages\com.unity.modules.assetbundle)
[Package Manager]  * Package :  com.unity.modules.audio@1.0.0
    (location: C:\Program Files\Unity\Hub\Editor\2018.3.11f1\Editor\Data\Resources\PackageManager\BuiltInPackages\com.unity.modules.audio)
[Package Manager]  * Package :  com.unity.modules.cloth@1.0.0
    (location: C:\Program Files\Unity\Hub\Editor\2018.3.11f1\Editor\Data\Resources\PackageManager\BuiltInPackages\com.unity.modules.cloth)
[Package Manager]  * Package :  com.unity.modules.director@1.0.0
    (location: C:\Program Files\Unity\Hub\Editor\2018.3.11f1\Editor\Data\Resources\PackageManager\BuiltInPackages\com.unity.modules.director)
[Package Manager]  * Package :  com.unity.modules.imageconversion@1.0.0
    (location: C:\Program Files\Unity\Hub\Editor\2018.3.11f1\Editor\Data\Resources\PackageManager\BuiltInPackages\com.unity.modules.imageconversion)
[Package Manager]  * Package :  com.unity.modules.imgui@1.0.0
    (location: C:\Program Files\Unity\Hub\Editor\2018.3.11f1\Editor\Data\Resources\PackageManager\BuiltInPackages\com.unity.modules.imgui)
[Package Manager]  * Package :  com.unity.modules.jsonserialize@1.0.0
    (location: C:\Program Files\Unity\Hub\Editor\2018.3.11f1\Editor\Data\Resources\PackageManager\BuiltInPackages\com.unity.modules.jsonserialize)
[Package Manager]  * Package :  com.unity.modules.particlesystem@1.0.0
    (location: C:\Program Files\Unity\Hub\Editor\2018.3.11f1\Editor\Data\Resources\PackageManager\BuiltInPackages\com.unity.modules.particlesystem)
[Package Manager]  * Package :  com.unity.modules.physics@1.0.0
    (location: C:\Program Files\Unity\Hub\Editor\2018.3.11f1\Editor\Data\Resources\PackageManager\BuiltInPackages\com.unity.modules.physics)
[Package Manager]  * Package :  com.unity.modules.physics2d@1.0.0
    (location: C:\Program Files\Unity\Hub\Editor\2018.3.11f1\Editor\Data\Resources\PackageManager\BuiltInPackages\com.unity.modules.physics2d)
[Package Manager]  * Package :  com.unity.modules.screencapture@1.0.0
    (location: C:\Program Files\Unity\Hub\Editor\2018.3.11f1\Editor\Data\Resources\PackageManager\BuiltInPackages\com.unity.modules.screencapture)
[Package Manager]  * Package :  com.unity.modules.terrain@1.0.0
    (location: C:\Program Files\Unity\Hub\Editor\2018.3.11f1\Editor\Data\Resources\PackageManager\BuiltInPackages\com.unity.modules.terrain)
[Package Manager]  * Package :  com.unity.modules.terrainphysics@1.0.0
    (location: C:\Program Files\Unity\Hub\Editor\2018.3.11f1\Editor\Data\Resources\PackageManager\BuiltInPackages\com.unity.modules.terrainphysics)
[Package Manager]  * Package :  com.unity.modules.tilemap@1.0.0
    (location: C:\Program Files\Unity\Hub\Editor\2018.3.11f1\Editor\Data\Resources\PackageManager\BuiltInPackages\com.unity.modules.tilemap)
[Package Manager]  * Package :  com.unity.modules.ui@1.0.0
    (location: C:\Program Files\Unity\Hub\Editor\2018.3.11f1\Editor\Data\Resources\PackageManager\BuiltInPackages\com.unity.modules.ui)
[Package Manager]  * Package :  com.unity.modules.uielements@1.0.0
    (location: C:\Program Files\Unity\Hub\Editor\2018.3.11f1\Editor\Data\Resources\PackageManager\BuiltInPackages\com.unity.modules.uielements)
[Package Manager]  * Package :  com.unity.modules.umbra@1.0.0
    (location: C:\Program Files\Unity\Hub\Editor\2018.3.11f1\Editor\Data\Resources\PackageManager\BuiltInPackages\com.unity.modules.umbra)
[Package Manager]  * Package :  com.unity.modules.unityanalytics@1.0.0
    (location: C:\Program Files\Unity\Hub\Editor\2018.3.11f1\Editor\Data\Resources\PackageManager\BuiltInPackages\com.unity.modules.unityanalytics)
[Package Manager]  * Package :  com.unity.modules.unitywebrequest@1.0.0
    (location: C:\Program Files\Unity\Hub\Editor\2018.3.11f1\Editor\Data\Resources\PackageManager\BuiltInPackages\com.unity.modules.unitywebrequest)
[Package Manager]  * Package :  com.unity.modules.unitywebrequestassetbundle@1.0.0
    (location: C:\Program Files\Unity\Hub\Editor\2018.3.11f1\Editor\Data\Resources\PackageManager\BuiltInPackages\com.unity.modules.unitywebrequestassetbundle)
[Package Manager]  * Package :  com.unity.modules.unitywebrequestaudio@1.0.0
    (location: C:\Program Files\Unity\Hub\Editor\2018.3.11f1\Editor\Data\Resources\PackageManager\BuiltInPackages\com.unity.modules.unitywebrequestaudio)
[Package Manager]  * Package :  com.unity.modules.unitywebrequesttexture@1.0.0
    (location: C:\Program Files\Unity\Hub\Editor\2018.3.11f1\Editor\Data\Resources\PackageManager\BuiltInPackages\com.unity.modules.unitywebrequesttexture)
[Package Manager]  * Package :  com.unity.modules.unitywebrequestwww@1.0.0
    (location: C:\Program Files\Unity\Hub\Editor\2018.3.11f1\Editor\Data\Resources\PackageManager\BuiltInPackages\com.unity.modules.unitywebrequestwww)
[Package Manager]  * Package :  com.unity.modules.vehicles@1.0.0
    (location: C:\Program Files\Unity\Hub\Editor\2018.3.11f1\Editor\Data\Resources\PackageManager\BuiltInPackages\com.unity.modules.vehicles)
[Package Manager]  * Package :  com.unity.modules.video@1.0.0
    (location: C:\Program Files\Unity\Hub\Editor\2018.3.11f1\Editor\Data\Resources\PackageManager\BuiltInPackages\com.unity.modules.video)
[Package Manager]  * Package :  com.unity.modules.vr@1.0.0
    (location: C:\Program Files\Unity\Hub\Editor\2018.3.11f1\Editor\Data\Resources\PackageManager\BuiltInPackages\com.unity.modules.vr)
[Package Manager]  * Package :  com.unity.modules.wind@1.0.0
    (location: C:\Program Files\Unity\Hub\Editor\2018.3.11f1\Editor\Data\Resources\PackageManager\BuiltInPackages\com.unity.modules.wind)
[Package Manager]  * Package :  com.unity.modules.xr@1.0.0
    (location: C:\Program Files\Unity\Hub\Editor\2018.3.11f1\Editor\Data\Resources\PackageManager\BuiltInPackages\com.unity.modules.xr)
[Package Manager] Done registering packages in 0.02s seconds
IsTimeToCheckForNewEditor: Update time 1572109772 current 1572108773
Initialize engine version: 2018.3.11f1 (5063218e4ab8)
GfxDevice: creating device client; threaded=1
Direct3D:
    Version:  Direct3D 11.0 [level 11.1]
    Renderer: NVIDIA GeForce GTX 1060 with Max-Q Design (ID=0x1c20)
    Vendor:   
    VRAM:     6052 MB
    Driver:   26.21.14.3136
[EnlightenBakeManager] m_Clear = false;
WARNING: Shader Unsupported: 'AR/TangoARRender' - Pass '' has no vertex shader
WARNING: Shader Unsupported: 'AR/TangoARRender' - Setting to default shader.
WARNING: Shader Unsupported: 'Hidden/VideoDecodeOSX' - Pass 'Flip_RGBARect_To_RGBA' has no vertex shader
WARNING: Shader Unsupported: 'Hidden/VideoDecodeOSX' - Setting to default shader.
WARNING: Shader Unsupported: 'Hidden/VideoDecodeAndroid' - Pass 'RGBAExternal_To_RGBA' has no vertex shader
WARNING: Shader Unsupported: 'Hidden/VideoDecodeAndroid' - Setting to default shader.
Initialize mono
Mono path[0] = 'C:/Program Files/Unity/Hub/Editor/2018.3.11f1/Editor/Data/Managed'
Mono path[1] = 'C:/Program Files/Unity/Hub/Editor/2018.3.11f1/Editor/Data/MonoBleedingEdge/lib/mono/unityjit'
Mono config path = 'C:/Program Files/Unity/Hub/Editor/2018.3.11f1/Editor/Data/MonoBleedingEdge/etc'
Using monoOptions --debugger-agent=transport=dt_socket,embedding=1,server=y,suspend=n,address=0.0.0.0:56896
Begin MonoManager ReloadAssembly
Multiple plugins with the same name 'libzstd' (found at 'Assets/packages/librdkafka.redist.1.2.1/runtimes/win-x64/native/libzstd.dll' and 'Assets/packages/librdkafka.redist.1.2.1/runtimes/win-x86/native/libzstd.dll'). That means one or more plugins are set to be compatible with Editor. Only one plugin at the time can be used by Editor.
System.Console:.cctor()
UnityEngine.UnityLogWriter:Init() (at C:\buildslave\unity\build\Runtime\Export\UnityLogWriter.bindings.cs:26)
UnityEngine.ClassLibraryInitializer:Init() (at C:\buildslave\unity\build\Runtime\Export\ClassLibraryInitializer.cs:11)

[C:\buildslave\unity\build\Editor/Src/AssetPipeline/PluginManager.cpp line 150] 
(Filename: C:/buildslave/unity/build/Runtime/Export/UnityLogWriter.bindings.cs Line: 26)

Multiple plugins with the same name 'librdkafka' (found at 'Assets/packages/librdkafka.redist.1.2.1/runtimes/win-x86/native/librdkafka.dll' and 'Assets/packages/librdkafka.redist.1.2.1/runtimes/win-x64/native/librdkafka.dll'). That means one or more plugins are set to be compatible with Editor. Only one plugin at the time can be used by Editor.
System.Console:.cctor()
UnityEngine.UnityLogWriter:Init() (at C:\buildslave\unity\build\Runtime\Export\UnityLogWriter.bindings.cs:26)
UnityEngine.ClassLibraryInitializer:Init() (at C:\buildslave\unity\build\Runtime\Export\ClassLibraryInitializer.cs:11)

[C:\buildslave\unity\build\Editor/Src/AssetPipeline/PluginManager.cpp line 150] 
(Filename: C:/buildslave/unity/build/Runtime/Export/UnityLogWriter.bindings.cs Line: 26)

Multiple plugins with the same name 'librdkafkacpp' (found at 'Assets/packages/librdkafka.redist.1.2.1/runtimes/win-x64/native/librdkafkacpp.dll' and 'Assets/packages/librdkafka.redist.1.2.1/runtimes/win-x86/native/librdkafkacpp.dll'). That means one or more plugins are set to be compatible with Editor. Only one plugin at the time can be used by Editor.
System.Console:.cctor()
UnityEngine.UnityLogWriter:Init() (at C:\buildslave\unity\build\Runtime\Export\UnityLogWriter.bindings.cs:26)
UnityEngine.ClassLibraryInitializer:Init() (at C:\buildslave\unity\build\Runtime\Export\ClassLibraryInitializer.cs:11)

[C:\buildslave\unity\build\Editor/Src/AssetPipeline/PluginManager.cpp line 150] 
(Filename: C:/buildslave/unity/build/Runtime/Export/UnityLogWriter.bindings.cs Line: 26)

Multiple plugins with the same name 'msvcr120' (found at 'Assets/packages/librdkafka.redist.1.2.1/runtimes/win-x64/native/msvcr120.dll' and 'Assets/packages/librdkafka.redist.1.2.1/runtimes/win-x86/native/msvcr120.dll'). That means one or more plugins are set to be compatible with Editor. Only one plugin at the time can be used by Editor.
System.Console:.cctor()
UnityEngine.UnityLogWriter:Init() (at C:\buildslave\unity\build\Runtime\Export\UnityLogWriter.bindings.cs:26)
UnityEngine.ClassLibraryInitializer:Init() (at C:\buildslave\unity\build\Runtime\Export\ClassLibraryInitializer.cs:11)

[C:\buildslave\unity\build\Editor/Src/AssetPipeline/PluginManager.cpp line 150] 
(Filename: C:/buildslave/unity/build/Runtime/Export/UnityLogWriter.bindings.cs Line: 26)

Multiple plugins with the same name 'zlib' (found at 'Assets/packages/librdkafka.redist.1.2.1/runtimes/win-x86/native/zlib.dll' and 'Assets/packages/librdkafka.redist.1.2.1/runtimes/win-x64/native/zlib.dll'). That means one or more plugins are set to be compatible with Editor. Only one plugin at the time can be used by Editor.
System.Console:.cctor()
UnityEngine.UnityLogWriter:Init() (at C:\buildslave\unity\build\Runtime\Export\UnityLogWriter.bindings.cs:26)
UnityEngine.ClassLibraryInitializer:Init() (at C:\buildslave\unity\build\Runtime\Export\ClassLibraryInitializer.cs:11)

[C:\buildslave\unity\build\Editor/Src/AssetPipeline/PluginManager.cpp line 150] 
(Filename: C:/buildslave/unity/build/Runtime/Export/UnityLogWriter.bindings.cs Line: 26)

Multiple plugins with the same name 'msvcp120' (found at 'Assets/packages/librdkafka.redist.1.2.1/runtimes/win-x64/native/msvcp120.dll' and 'Assets/packages/librdkafka.redist.1.2.1/runtimes/win-x86/native/msvcp120.dll'). That means one or more plugins are set to be compatible with Editor. Only one plugin at the time can be used by Editor.
System.Console:.cctor()
UnityEngine.UnityLogWriter:Init() (at C:\buildslave\unity\build\Runtime\Export\UnityLogWriter.bindings.cs:26)
UnityEngine.ClassLibraryInitializer:Init() (at C:\buildslave\unity\build\Runtime\Export\ClassLibraryInitializer.cs:11)

[C:\buildslave\unity\build\Editor/Src/AssetPipeline/PluginManager.cpp line 150] 
(Filename: C:/buildslave/unity/build/Runtime/Export/UnityLogWriter.bindings.cs Line: 26)

Refreshing native plugins compatible for Editor in 35.25 ms, found 11 plugins.
Initializing Unity.PackageManager (PackageManager) v2018.3.11 for Unity v2018.3.11f1
Registering precompiled unity dll's ...
Register platform support module: C:\Program Files\Unity\Hub\Editor\2018.3.11f1\Editor\Data\PlaybackEngines\AndroidPlayer/UnityEditor.Android.Extensions.dll
Register platform support module: C:\Program Files\Unity\Hub\Editor\2018.3.11f1\Editor\Data\PlaybackEngines\MetroSupport/UnityEditor.WSA.Extensions.dll
Register platform support module: C:\Program Files\Unity\Hub\Editor\2018.3.11f1\Editor\Data\PlaybackEngines\WebGLSupport/UnityEditor.WebGL.Extensions.dll
Register platform support module: C:\Program Files\Unity\Hub\Editor\2018.3.11f1\Editor\Data\PlaybackEngines\windowsstandalonesupport/UnityEditor.WindowsStandalone.Extensions.dll
Registered in 0.002292 seconds.
Registering platform support modules:
Registered platform support modules in: 0.0691454s.
Native extension for Android target not found
Native extension for Metro target not found
Native extension for WebGL target not found
Native extension for WindowsStandalone target not found
Multiple plugins with the same name 'libzstd' (found at 'Assets/packages/librdkafka.redist.1.2.1/runtimes/win-x64/native/libzstd.dll' and 'Assets/packages/librdkafka.redist.1.2.1/runtimes/win-x86/native/libzstd.dll'). That means one or more plugins are set to be compatible with Editor. Only one plugin at the time can be used by Editor.
 
(Filename: C:\buildslave\unity\build\Editor/Src/AssetPipeline/PluginManager.cpp Line: 150)

Multiple plugins with the same name 'librdkafka' (found at 'Assets/packages/librdkafka.redist.1.2.1/runtimes/win-x86/native/librdkafka.dll' and 'Assets/packages/librdkafka.redist.1.2.1/runtimes/win-x64/native/librdkafka.dll'). That means one or more plugins are set to be compatible with Editor. Only one plugin at the time can be used by Editor.
 
(Filename: C:\buildslave\unity\build\Editor/Src/AssetPipeline/PluginManager.cpp Line: 150)

Multiple plugins with the same name 'librdkafkacpp' (found at 'Assets/packages/librdkafka.redist.1.2.1/runtimes/win-x64/native/librdkafkacpp.dll' and 'Assets/packages/librdkafka.redist.1.2.1/runtimes/win-x86/native/librdkafkacpp.dll'). That means one or more plugins are set to be compatible with Editor. Only one plugin at the time can be used by Editor.
 
(Filename: C:\buildslave\unity\build\Editor/Src/AssetPipeline/PluginManager.cpp Line: 150)

Multiple plugins with the same name 'msvcr120' (found at 'Assets/packages/librdkafka.redist.1.2.1/runtimes/win-x64/native/msvcr120.dll' and 'Assets/packages/librdkafka.redist.1.2.1/runtimes/win-x86/native/msvcr120.dll'). That means one or more plugins are set to be compatible with Editor. Only one plugin at the time can be used by Editor.
 
(Filename: C:\buildslave\unity\build\Editor/Src/AssetPipeline/PluginManager.cpp Line: 150)

Multiple plugins with the same name 'zlib' (found at 'Assets/packages/librdkafka.redist.1.2.1/runtimes/win-x86/native/zlib.dll' and 'Assets/packages/librdkafka.redist.1.2.1/runtimes/win-x64/native/zlib.dll'). That means one or more plugins are set to be compatible with Editor. Only one plugin at the time can be used by Editor.
 
(Filename: C:\buildslave\unity\build\Editor/Src/AssetPipeline/PluginManager.cpp Line: 150)

Multiple plugins with the same name 'msvcp120' (found at 'Assets/packages/librdkafka.redist.1.2.1/runtimes/win-x64/native/msvcp120.dll' and 'Assets/packages/librdkafka.redist.1.2.1/runtimes/win-x86/native/msvcp120.dll'). That means one or more plugins are set to be compatible with Editor. Only one plugin at the time can be used by Editor.
 
(Filename: C:\buildslave\unity\build\Editor/Src/AssetPipeline/PluginManager.cpp Line: 150)

Refreshing native plugins compatible for Editor in 1.10 ms, found 11 plugins.
Preloading 1 native plugins for Editor in 0.94 ms.
Unable to find bridge dll in registry for Microsoft Visual Studio Tools for Unity for C:/Program Files (x86)/Microsoft Visual Studio/2017/Community/Common7/IDE/devenv.exe
Mono: successfully reloaded assembly
- Completed reload, in  1.111 seconds
Registering precompiled user dll's ...
Registered in 0.049486 seconds.
Platform modules already initialized, skipping
PrecompiledAssemblyException: Multiple precompiled assemblies with the same name Confluent.Kafka.dll included for the current platform. Only one assembly with the same name is allowed per platform. Assembly path: {0}
  at UnityEditor.Scripting.ScriptCompilation.EditorBuildRules.CreateTargetAssemblies (System.Collections.Generic.IEnumerable`1[T] customScriptAssemblies, System.Collections.Generic.IEnumerable`1[T] precompiledAssemblies) [0x0028e] in C:\buildslave\unity\build\Editor\Mono\Scripting\ScriptCompilation\EditorBuildRules.cs:249 
  at UnityEditor.Scripting.ScriptCompilation.EditorCompilation.UpdateCustomTargetAssemblies () [0x00032] in C:\buildslave\unity\build\Editor\Mono\Scripting\ScriptCompilation\EditorCompilation.cs:619 
  at UnityEditor.Scripting.ScriptCompilation.EditorCompilation.SetAllCustomScriptAssemblyJsons (System.String[] paths) [0x002e3] in C:\buildslave\unity\build\Editor\Mono\Scripting\ScriptCompilation\EditorCompilation.cs:729 
  at UnityEditor.Scripting.ScriptCompilation.EditorCompilationInterface.SetAllCustomScriptAssemblyJsons (System.String[] allAssemblyJsons) [0x00007] in C:\buildslave\unity\build\Editor\Mono\Scripting\ScriptCompilation\EditorCompilationInterface.cs:217 
 
(Filename: C:/buildslave/unity/build/Editor/Mono/Scripting/ScriptCompilation/EditorBuildRules.cs Line: 249)

PrecompiledAssemblyException: Multiple precompiled assemblies with the same name Confluent.Kafka.dll included for the current platform. Only one assembly with the same name is allowed per platform. Assembly path: {0}
  at UnityEditor.Scripting.ScriptCompilation.EditorBuildRules.CreateTargetAssemblies (System.Collections.Generic.IEnumerable`1[T] customScriptAssemblies, System.Collections.Generic.IEnumerable`1[T] precompiledAssemblies) [0x0028e] in C:\buildslave\unity\build\Editor\Mono\Scripting\ScriptCompilation\EditorBuildRules.cs:249 
  at UnityEditor.Scripting.ScriptCompilation.EditorCompilation.UpdateCustomTargetAssemblies () [0x00032] in C:\buildslave\unity\build\Editor\Mono\Scripting\ScriptCompilation\EditorCompilation.cs:619 
  at UnityEditor.Scripting.ScriptCompilation.EditorCompilation.SetAllCustomScriptAssemblyJsons (System.String[] paths) [0x002e3] in C:\buildslave\unity\build\Editor\Mono\Scripting\ScriptCompilation\EditorCompilation.cs:729 
  at UnityEditor.Scripting.ScriptCompilation.EditorCompilationInterface.SetAllCustomScriptAssemblyJsons (System.String[] allAssemblyJsons) [0x00007] in C:\buildslave\unity\build\Editor\Mono\Scripting\ScriptCompilation\EditorCompilationInterface.cs:217 
 
(Filename: C:/buildslave/unity/build/Editor/Mono/Scripting/ScriptCompilation/EditorBuildRules.cs Line: 249)

PrecompiledAssemblyException: Multiple precompiled assemblies with the same name Confluent.Kafka.dll included for the current platform. Only one assembly with the same name is allowed per platform. Assembly path: {0}
  at UnityEditor.Scripting.ScriptCompilation.EditorBuildRules.CreateTargetAssemblies (System.Collections.Generic.IEnumerable`1[T] customScriptAssemblies, System.Collections.Generic.IEnumerable`1[T] precompiledAssemblies) [0x0028e] in C:\buildslave\unity\build\Editor\Mono\Scripting\ScriptCompilation\EditorBuildRules.cs:249 
  at UnityEditor.Scripting.ScriptCompilation.EditorCompilation.UpdateCustomTargetAssemblies () [0x00032] in C:\buildslave\unity\build\Editor\Mono\Scripting\ScriptCompilation\EditorCompilation.cs:619 
  at UnityEditor.Scripting.ScriptCompilation.EditorCompilation.SetAllCustomScriptAssemblyJsons (System.String[] paths) [0x002e3] in C:\buildslave\unity\build\Editor\Mono\Scripting\ScriptCompilation\EditorCompilation.cs:729 
  at UnityEditor.Scripting.ScriptCompilation.EditorCompilationInterface.SetAllCustomScriptAssemblyJsons (System.String[] allAssemblyJsons) [0x00007] in C:\buildslave\unity\build\Editor\Mono\Scripting\ScriptCompilation\EditorCompilationInterface.cs:217 
 
(Filename: C:/buildslave/unity/build/Editor/Mono/Scripting/ScriptCompilation/EditorBuildRules.cs Line: 249)

Begin MonoManager ReloadAssembly
Initializing Unity.PackageManager (PackageManager) v2018.3.11 for Unity v2018.3.11f1
Registering platform support modules:
Registered platform support modules in: 0.036565s.
Native extension for Android target not found
Native extension for Metro target not found
Native extension for WebGL target not found
Native extension for WindowsStandalone target not found
Multiple plugins with the same name 'libzstd' (found at 'Assets/packages/librdkafka.redist.1.2.1/runtimes/win-x64/native/libzstd.dll' and 'Assets/packages/librdkafka.redist.1.2.1/runtimes/win-x86/native/libzstd.dll'). That means one or more plugins are set to be compatible with Editor. Only one plugin at the time can be used by Editor.
 
(Filename: C:\buildslave\unity\build\Editor/Src/AssetPipeline/PluginManager.cpp Line: 150)

Multiple plugins with the same name 'librdkafka' (found at 'Assets/packages/librdkafka.redist.1.2.1/runtimes/win-x86/native/librdkafka.dll' and 'Assets/packages/librdkafka.redist.1.2.1/runtimes/win-x64/native/librdkafka.dll'). That means one or more plugins are set to be compatible with Editor. Only one plugin at the time can be used by Editor.
 
(Filename: C:\buildslave\unity\build\Editor/Src/AssetPipeline/PluginManager.cpp Line: 150)

Multiple plugins with the same name 'librdkafkacpp' (found at 'Assets/packages/librdkafka.redist.1.2.1/runtimes/win-x64/native/librdkafkacpp.dll' and 'Assets/packages/librdkafka.redist.1.2.1/runtimes/win-x86/native/librdkafkacpp.dll'). That means one or more plugins are set to be compatible with Editor. Only one plugin at the time can be used by Editor.
 
(Filename: C:\buildslave\unity\build\Editor/Src/AssetPipeline/PluginManager.cpp Line: 150)

Multiple plugins with the same name 'msvcr120' (found at 'Assets/packages/librdkafka.redist.1.2.1/runtimes/win-x64/native/msvcr120.dll' and 'Assets/packages/librdkafka.redist.1.2.1/runtimes/win-x86/native/msvcr120.dll'). That means one or more plugins are set to be compatible with Editor. Only one plugin at the time can be used by Editor.
 
(Filename: C:\buildslave\unity\build\Editor/Src/AssetPipeline/PluginManager.cpp Line: 150)

Multiple plugins with the same name 'zlib' (found at 'Assets/packages/librdkafka.redist.1.2.1/runtimes/win-x86/native/zlib.dll' and 'Assets/packages/librdkafka.redist.1.2.1/runtimes/win-x64/native/zlib.dll'). That means one or more plugins are set to be compatible with Editor. Only one plugin at the time can be used by Editor.
 
(Filename: C:\buildslave\unity\build\Editor/Src/AssetPipeline/PluginManager.cpp Line: 150)

Multiple plugins with the same name 'msvcp120' (found at 'Assets/packages/librdkafka.redist.1.2.1/runtimes/win-x64/native/msvcp120.dll' and 'Assets/packages/librdkafka.redist.1.2.1/runtimes/win-x86/native/msvcp120.dll'). That means one or more plugins are set to be compatible with Editor. Only one plugin at the time can be used by Editor.
 
(Filename: C:\buildslave\unity\build\Editor/Src/AssetPipeline/PluginManager.cpp Line: 150)

Refreshing native plugins compatible for Editor in 1.11 ms, found 11 plugins.
Preloading 1 native plugins for Editor in 0.11 ms.
Unable to find bridge dll in registry for Microsoft Visual Studio Tools for Unity for C:/Program Files (x86)/Microsoft Visual Studio/2017/Community/Common7/IDE/devenv.exe
PrecompiledAssemblyException: Multiple precompiled assemblies with the same name Confluent.Kafka.dll included for the current platform. Only one assembly with the same name is allowed per platform. Assembly path: {0}
  at UnityEditor.Scripting.ScriptCompilation.EditorBuildRules.CreateTargetAssemblies (System.Collections.Generic.IEnumerable`1[T] customScriptAssemblies, System.Collections.Generic.IEnumerable`1[T] precompiledAssemblies) [0x0028e] in C:\buildslave\unity\build\Editor\Mono\Scripting\ScriptCompilation\EditorBuildRules.cs:249 
  at UnityEditor.Scripting.ScriptCompilation.EditorCompilation.UpdateCustomTargetAssemblies () [0x00032] in C:\buildslave\unity\build\Editor\Mono\Scripting\ScriptCompilation\EditorCompilation.cs:619 
  at UnityEditor.Scripting.ScriptCompilation.EditorCompilation.SetAllCustomScriptAssemblyJsons (System.String[] paths) [0x002e3] in C:\buildslave\unity\build\Editor\Mono\Scripting\ScriptCompilation\EditorCompilation.cs:729 
  at UnityEditor.Scripting.ScriptCompilation.EditorCompilationInterface.SetAllCustomScriptAssemblyJsons (System.String[] allAssemblyJsons) [0x00007] in C:\buildslave\unity\build\Editor\Mono\Scripting\ScriptCompilation\EditorCompilationInterface.cs:217 
 
(Filename: C:/buildslave/unity/build/Editor/Mono/Scripting/ScriptCompilation/EditorBuildRules.cs Line: 249)

Mono: successfully reloaded assembly
- Completed reload, in  1.127 seconds
Platform modules already initialized, skipping
Validating Project structure ... 0.007930 seconds.
Refresh: detecting if any assets need to be imported or removed ...
Multiple plugins with the same name 'libzstd' (found at 'Assets/packages/librdkafka.redist.1.2.1/runtimes/win-x64/native/libzstd.dll' and 'Assets/packages/librdkafka.redist.1.2.1/runtimes/win-x86/native/libzstd.dll'). That means one or more plugins are set to be compatible with Editor. Only one plugin at the time can be used by Editor.
 
(Filename: C:\buildslave\unity\build\Editor/Src/AssetPipeline/PluginManager.cpp Line: 150)

Multiple plugins with the same name 'librdkafka' (found at 'Assets/packages/librdkafka.redist.1.2.1/runtimes/win-x86/native/librdkafka.dll' and 'Assets/packages/librdkafka.redist.1.2.1/runtimes/win-x64/native/librdkafka.dll'). That means one or more plugins are set to be compatible with Editor. Only one plugin at the time can be used by Editor.
 
(Filename: C:\buildslave\unity\build\Editor/Src/AssetPipeline/PluginManager.cpp Line: 150)

Multiple plugins with the same name 'librdkafkacpp' (found at 'Assets/packages/librdkafka.redist.1.2.1/runtimes/win-x64/native/librdkafkacpp.dll' and 'Assets/packages/librdkafka.redist.1.2.1/runtimes/win-x86/native/librdkafkacpp.dll'). That means one or more plugins are set to be compatible with Editor. Only one plugin at the time can be used by Editor.
 
(Filename: C:\buildslave\unity\build\Editor/Src/AssetPipeline/PluginManager.cpp Line: 150)

Multiple plugins with the same name 'msvcr120' (found at 'Assets/packages/librdkafka.redist.1.2.1/runtimes/win-x64/native/msvcr120.dll' and 'Assets/packages/librdkafka.redist.1.2.1/runtimes/win-x86/native/msvcr120.dll'). That means one or more plugins are set to be compatible with Editor. Only one plugin at the time can be used by Editor.
 
(Filename: C:\buildslave\unity\build\Editor/Src/AssetPipeline/PluginManager.cpp Line: 150)

Multiple plugins with the same name 'zlib' (found at 'Assets/packages/librdkafka.redist.1.2.1/runtimes/win-x86/native/zlib.dll' and 'Assets/packages/librdkafka.redist.1.2.1/runtimes/win-x64/native/zlib.dll'). That means one or more plugins are set to be compatible with Editor. Only one plugin at the time can be used by Editor.
 
(Filename: C:\buildslave\unity\build\Editor/Src/AssetPipeline/PluginManager.cpp Line: 150)

Multiple plugins with the same name 'msvcp120' (found at 'Assets/packages/librdkafka.redist.1.2.1/runtimes/win-x64/native/msvcp120.dll' and 'Assets/packages/librdkafka.redist.1.2.1/runtimes/win-x86/native/msvcp120.dll'). That means one or more plugins are set to be compatible with Editor. Only one plugin at the time can be used by Editor.
 
(Filename: C:\buildslave\unity\build\Editor/Src/AssetPipeline/PluginManager.cpp Line: 150)

Refreshing native plugins compatible for Editor in 1.16 ms, found 11 plugins.
Preloading 1 native plugins for Editor in 0.11 ms.
Multiple plugins with the same name 'libzstd' (found at 'Assets/packages/librdkafka.redist.1.2.1/runtimes/win-x64/native/libzstd.dll' and 'Assets/packages/librdkafka.redist.1.2.1/runtimes/win-x86/native/libzstd.dll'). That means one or more plugins are set to be compatible with Editor. Only one plugin at the time can be used by Editor.
 
(Filename: C:\buildslave\unity\build\Editor/Src/AssetPipeline/PluginManager.cpp Line: 150)

Multiple plugins with the same name 'librdkafka' (found at 'Assets/packages/librdkafka.redist.1.2.1/runtimes/win-x86/native/librdkafka.dll' and 'Assets/packages/librdkafka.redist.1.2.1/runtimes/win-x64/native/librdkafka.dll'). That means one or more plugins are set to be compatible with Editor. Only one plugin at the time can be used by Editor.
 
(Filename: C:\buildslave\unity\build\Editor/Src/AssetPipeline/PluginManager.cpp Line: 150)

Multiple plugins with the same name 'librdkafkacpp' (found at 'Assets/packages/librdkafka.redist.1.2.1/runtimes/win-x64/native/librdkafkacpp.dll' and 'Assets/packages/librdkafka.redist.1.2.1/runtimes/win-x86/native/librdkafkacpp.dll'). That means one or more plugins are set to be compatible with Editor. Only one plugin at the time can be used by Editor.
 
(Filename: C:\buildslave\unity\build\Editor/Src/AssetPipeline/PluginManager.cpp Line: 150)

Multiple plugins with the same name 'msvcr120' (found at 'Assets/packages/librdkafka.redist.1.2.1/runtimes/win-x64/native/msvcr120.dll' and 'Assets/packages/librdkafka.redist.1.2.1/runtimes/win-x86/native/msvcr120.dll'). That means one or more plugins are set to be compatible with Editor. Only one plugin at the time can be used by Editor.
 
(Filename: C:\buildslave\unity\build\Editor/Src/AssetPipeline/PluginManager.cpp Line: 150)

Multiple plugins with the same name 'zlib' (found at 'Assets/packages/librdkafka.redist.1.2.1/runtimes/win-x86/native/zlib.dll' and 'Assets/packages/librdkafka.redist.1.2.1/runtimes/win-x64/native/zlib.dll'). That means one or more plugins are set to be compatible with Editor. Only one plugin at the time can be used by Editor.
 
(Filename: C:\buildslave\unity\build\Editor/Src/AssetPipeline/PluginManager.cpp Line: 150)

Multiple plugins with the same name 'msvcp120' (found at 'Assets/packages/librdkafka.redist.1.2.1/runtimes/win-x64/native/msvcp120.dll' and 'Assets/packages/librdkafka.redist.1.2.1/runtimes/win-x86/native/msvcp120.dll'). That means one or more plugins are set to be compatible with Editor. Only one plugin at the time can be used by Editor.
 
(Filename: C:\buildslave\unity\build\Editor/Src/AssetPipeline/PluginManager.cpp Line: 150)

Refreshing native plugins compatible for Editor in 1.14 ms, found 11 plugins.
Preloading 1 native plugins for Editor in 0.12 ms.

Refresh Completed time: 0.054598s
	Asset Scan time: 0.020928s
	Asset Hashing: 0.000000s [0 B, 0.000000 mb/s]
	Asset Import (Scripting) time: 0.000000s (count: 0)
	Post Processs Assets (Scripting) time: 0.000000s
	Asset Rehashing: 0.000000s [0 B, 0.000000 mb/s]
	Asset Import (Non Scripting) time: 0.000000s (count: 0)
	Post Process Assets (Non Scripting) time: 0.000000s
	Dependent Assets to Import Queue time: 0.000000s

WARNING: Shader Unsupported: 'Hidden/VideoDecodeOSX' - Pass 'Flip_RGBARect_To_RGBA' has no vertex shader
WARNING: Shader Unsupported: 'Hidden/VideoDecodeOSX' - Setting to default shader.
WARNING: Shader Unsupported: 'AR/TangoARRender' - Pass '' has no vertex shader
WARNING: Shader Unsupported: 'AR/TangoARRender' - Setting to default shader.
WARNING: Shader Unsupported: 'Hidden/VideoDecodeAndroid' - Pass 'RGBAExternal_To_RGBA' has no vertex shader
WARNING: Shader Unsupported: 'Hidden/VideoDecodeAndroid' - Setting to default shader.
Warming cache for 780 main assets: 0.001450 seconds elapsed
Initializing Unity extensions:
Updating C:/Program Files/Unity/Hub/Editor/2018.3.11f1/Editor/Data/PlaybackEngines/MetroSupport/Managed/UAP/UnityEngine.Networking.dll - GUID: 52a206b72a8f4f749c28d8b18b42dd19...
 done. [Time: 149.944700 ms] 
Unloading 350 Unused Serialized files (Serialized files now loaded: 0)
System memory in use before: 145.6 MB.
System memory in use after: 143.9 MB.

Unloading 385 unused Assets to reduce memory usage. Loaded Objects now: 931.
Total: 3.495500 ms (FindLiveObjects: 0.234300 ms CreateObjectMapping: 0.023300 ms MarkObjects: 2.064600 ms  DeleteObjects: 1.172800 ms)

PrecompiledAssemblyException: Multiple precompiled assemblies with the same name Confluent.Kafka.dll included for the current platform. Only one assembly with the same name is allowed per platform. Assembly path: {0}
  at UnityEditor.Scripting.ScriptCompilation.EditorBuildRules.CreateTargetAssemblies (System.Collections.Generic.IEnumerable`1[T] customScriptAssemblies, System.Collections.Generic.IEnumerable`1[T] precompiledAssemblies) [0x0028e] in C:\buildslave\unity\build\Editor\Mono\Scripting\ScriptCompilation\EditorBuildRules.cs:249 
  at UnityEditor.Scripting.ScriptCompilation.EditorCompilation.UpdateCustomTargetAssemblies () [0x00032] in C:\buildslave\unity\build\Editor\Mono\Scripting\ScriptCompilation\EditorCompilation.cs:619 
  at UnityEditor.Scripting.ScriptCompilation.EditorCompilation.SetAllCustomScriptAssemblyJsons (System.String[] paths) [0x002e3] in C:\buildslave\unity\build\Editor\Mono\Scripting\ScriptCompilation\EditorCompilation.cs:729 
  at UnityEditor.Scripting.ScriptCompilation.EditorCompilationInterface.SetAllCustomScriptAssemblyJsons (System.String[] allAssemblyJsons) [0x00007] in C:\buildslave\unity\build\Editor\Mono\Scripting\ScriptCompilation\EditorCompilationInterface.cs:217 
UnityEditor.AssetDatabase:ImportAsset(String, ImportAssetOptions)
UnityEditor.WSA.TargetExtension:RegisterAdditionalUnityExtensions() (at C:\buildslave\unity\build\PlatformDependent\MetroPlayer\Extensions\Managed\ExtensionModule.cs:89)
UnityEditor.Modules.ModuleManager:RegisterAdditionalUnityExtensions() (at C:\buildslave\unity\build\Editor\Mono\Modules\ModuleManager.cs:155)
 
(Filename: C:/buildslave/unity/build/Editor/Mono/Scripting/ScriptCompilation/EditorBuildRules.cs Line: 249)

PrecompiledAssemblyException: Multiple precompiled assemblies with the same name Confluent.Kafka.dll included for the current platform. Only one assembly with the same name is allowed per platform. Assembly path: {0}
  at UnityEditor.Scripting.ScriptCompilation.EditorBuildRules.CreateTargetAssemblies (System.Collections.Generic.IEnumerable`1[T] customScriptAssemblies, System.Collections.Generic.IEnumerable`1[T] precompiledAssemblies) [0x0028e] in C:\buildslave\unity\build\Editor\Mono\Scripting\ScriptCompilation\EditorBuildRules.cs:249 
  at UnityEditor.Scripting.ScriptCompilation.EditorCompilation.UpdateCustomTargetAssemblies () [0x00032] in C:\buildslave\unity\build\Editor\Mono\Scripting\ScriptCompilation\EditorCompilation.cs:619 
  at UnityEditor.Scripting.ScriptCompilation.EditorCompilation.SetAllCustomScriptAssemblyJsons (System.String[] paths) [0x002e3] in C:\buildslave\unity\build\Editor\Mono\Scripting\ScriptCompilation\EditorCompilation.cs:729 
  at UnityEditor.Scripting.ScriptCompilation.EditorCompilationInterface.SetAllCustomScriptAssemblyJsons (System.String[] allAssemblyJsons) [0x00007] in C:\buildslave\unity\build\Editor\Mono\Scripting\ScriptCompilation\EditorCompilationInterface.cs:217 
UnityEditor.AssetDatabase:ImportAsset(String, ImportAssetOptions)
UnityEditor.WSA.TargetExtension:RegisterAdditionalUnityExtensions() (at C:\buildslave\unity\build\PlatformDependent\MetroPlayer\Extensions\Managed\ExtensionModule.cs:89)
UnityEditor.Modules.ModuleManager:RegisterAdditionalUnityExtensions() (at C:\buildslave\unity\build\Editor\Mono\Modules\ModuleManager.cs:155)
 
(Filename: C:/buildslave/unity/build/Editor/Mono/Scripting/ScriptCompilation/EditorBuildRules.cs Line: 249)

Script Compilation Pipeline Post Process Assets time: 0.070348s
Assembly Updater Post Process Assets time: 0.000013s
Multiple plugins with the same name 'libzstd' (found at 'Assets/packages/librdkafka.redist.1.2.1/runtimes/win-x64/native/libzstd.dll' and 'Assets/packages/librdkafka.redist.1.2.1/runtimes/win-x86/native/libzstd.dll'). That means one or more plugins are set to be compatible with Editor. Only one plugin at the time can be used by Editor.
UnityEditor.AssetDatabase:ImportAsset(String, ImportAssetOptions)
UnityEditor.WSA.TargetExtension:RegisterAdditionalUnityExtensions() (at C:\buildslave\unity\build\PlatformDependent\MetroPlayer\Extensions\Managed\ExtensionModule.cs:89)
UnityEditor.Modules.ModuleManager:RegisterAdditionalUnityExtensions() (at C:\buildslave\unity\build\Editor\Mono\Modules\ModuleManager.cs:155)

[C:\buildslave\unity\build\Editor/Src/AssetPipeline/PluginManager.cpp line 150] 
(Filename: C:/buildslave/unity/build/PlatformDependent/MetroPlayer/Extensions/Managed/ExtensionModule.cs Line: 89)

Multiple plugins with the same name 'librdkafka' (found at 'Assets/packages/librdkafka.redist.1.2.1/runtimes/win-x86/native/librdkafka.dll' and 'Assets/packages/librdkafka.redist.1.2.1/runtimes/win-x64/native/librdkafka.dll'). That means one or more plugins are set to be compatible with Editor. Only one plugin at the time can be used by Editor.
UnityEditor.AssetDatabase:ImportAsset(String, ImportAssetOptions)
UnityEditor.WSA.TargetExtension:RegisterAdditionalUnityExtensions() (at C:\buildslave\unity\build\PlatformDependent\MetroPlayer\Extensions\Managed\ExtensionModule.cs:89)
UnityEditor.Modules.ModuleManager:RegisterAdditionalUnityExtensions() (at C:\buildslave\unity\build\Editor\Mono\Modules\ModuleManager.cs:155)

[C:\buildslave\unity\build\Editor/Src/AssetPipeline/PluginManager.cpp line 150] 
(Filename: C:/buildslave/unity/build/PlatformDependent/MetroPlayer/Extensions/Managed/ExtensionModule.cs Line: 89)

Multiple plugins with the same name 'librdkafkacpp' (found at 'Assets/packages/librdkafka.redist.1.2.1/runtimes/win-x64/native/librdkafkacpp.dll' and 'Assets/packages/librdkafka.redist.1.2.1/runtimes/win-x86/native/librdkafkacpp.dll'). That means one or more plugins are set to be compatible with Editor. Only one plugin at the time can be used by Editor.
UnityEditor.AssetDatabase:ImportAsset(String, ImportAssetOptions)
UnityEditor.WSA.TargetExtension:RegisterAdditionalUnityExtensions() (at C:\buildslave\unity\build\PlatformDependent\MetroPlayer\Extensions\Managed\ExtensionModule.cs:89)
UnityEditor.Modules.ModuleManager:RegisterAdditionalUnityExtensions() (at C:\buildslave\unity\build\Editor\Mono\Modules\ModuleManager.cs:155)

[C:\buildslave\unity\build\Editor/Src/AssetPipeline/PluginManager.cpp line 150] 
(Filename: C:/buildslave/unity/build/PlatformDependent/MetroPlayer/Extensions/Managed/ExtensionModule.cs Line: 89)

Multiple plugins with the same name 'msvcr120' (found at 'Assets/packages/librdkafka.redist.1.2.1/runtimes/win-x64/native/msvcr120.dll' and 'Assets/packages/librdkafka.redist.1.2.1/runtimes/win-x86/native/msvcr120.dll'). That means one or more plugins are set to be compatible with Editor. Only one plugin at the time can be used by Editor.
UnityEditor.AssetDatabase:ImportAsset(String, ImportAssetOptions)
UnityEditor.WSA.TargetExtension:RegisterAdditionalUnityExtensions() (at C:\buildslave\unity\build\PlatformDependent\MetroPlayer\Extensions\Managed\ExtensionModule.cs:89)
UnityEditor.Modules.ModuleManager:RegisterAdditionalUnityExtensions() (at C:\buildslave\unity\build\Editor\Mono\Modules\ModuleManager.cs:155)

[C:\buildslave\unity\build\Editor/Src/AssetPipeline/PluginManager.cpp line 150] 
(Filename: C:/buildslave/unity/build/PlatformDependent/MetroPlayer/Extensions/Managed/ExtensionModule.cs Line: 89)

Multiple plugins with the same name 'zlib' (found at 'Assets/packages/librdkafka.redist.1.2.1/runtimes/win-x86/native/zlib.dll' and 'Assets/packages/librdkafka.redist.1.2.1/runtimes/win-x64/native/zlib.dll'). That means one or more plugins are set to be compatible with Editor. Only one plugin at the time can be used by Editor.
UnityEditor.AssetDatabase:ImportAsset(String, ImportAssetOptions)
UnityEditor.WSA.TargetExtension:RegisterAdditionalUnityExtensions() (at C:\buildslave\unity\build\PlatformDependent\MetroPlayer\Extensions\Managed\ExtensionModule.cs:89)
UnityEditor.Modules.ModuleManager:RegisterAdditionalUnityExtensions() (at C:\buildslave\unity\build\Editor\Mono\Modules\ModuleManager.cs:155)

[C:\buildslave\unity\build\Editor/Src/AssetPipeline/PluginManager.cpp line 150] 
(Filename: C:/buildslave/unity/build/PlatformDependent/MetroPlayer/Extensions/Managed/ExtensionModule.cs Line: 89)

Multiple plugins with the same name 'msvcp120' (found at 'Assets/packages/librdkafka.redist.1.2.1/runtimes/win-x64/native/msvcp120.dll' and 'Assets/packages/librdkafka.redist.1.2.1/runtimes/win-x86/native/msvcp120.dll'). That means one or more plugins are set to be compatible with Editor. Only one plugin at the time can be used by Editor.
UnityEditor.AssetDatabase:ImportAsset(String, ImportAssetOptions)
UnityEditor.WSA.TargetExtension:RegisterAdditionalUnityExtensions() (at C:\buildslave\unity\build\PlatformDependent\MetroPlayer\Extensions\Managed\ExtensionModule.cs:89)
UnityEditor.Modules.ModuleManager:RegisterAdditionalUnityExtensions() (at C:\buildslave\unity\build\Editor\Mono\Modules\ModuleManager.cs:155)

[C:\buildslave\unity\build\Editor/Src/AssetPipeline/PluginManager.cpp line 150] 
(Filename: C:/buildslave/unity/build/PlatformDependent/MetroPlayer/Extensions/Managed/ExtensionModule.cs Line: 89)

Refreshing native plugins compatible for Editor in 2.19 ms, found 11 plugins.
Preloading 1 native plugins for Editor in 0.12 ms.
 'C:/Program Files/Unity/Hub/Editor/2018.3.11f1/Editor/Data/UnityExtensions/Unity/Timeline/Runtime/UnityEngine.Timeline.dll'  GUID: 6a10b2909283487f913b00d94cd3faf5
 'C:/Program Files/Unity/Hub/Editor/2018.3.11f1/Editor/Data/UnityExtensions/Unity/TestRunner/portable/nunit.framework.dll'  GUID: 405b9b51bb344a128608d968297df79c
 'C:/Program Files/Unity/Hub/Editor/2018.3.11f1/Editor/Data/UnityExtensions/Unity/GUISystem/Standalone/UnityEngine.UI.dll'  GUID: f70555f144d8491a825f0804e09c671c
 'C:/Program Files/Unity/Hub/Editor/2018.3.11f1/Editor/Data/UnityExtensions/Unity/GUISystem/UnityEngine.UI.dll'  GUID: f5f67c52d1564df4a8936ccd202a3bd8
 'C:/Program Files/Unity/Hub/Editor/2018.3.11f1/Editor/Data/UnityExtensions/Unity/Timeline/RuntimeEditor/UnityEngine.Timeline.dll'  GUID: 844f815391db42d49455cbf1a7bfc434
 'C:/Program Files/Unity/Hub/Editor/2018.3.11f1/Editor/Data/UnityExtensions/Unity/Networking/Standalone/UnityEngine.Networking.dll'  GUID: dc443db3e92b4983b9738c1131f555cb
 'C:/Program Files/Unity/Hub/Editor/2018.3.11f1/Editor/Data/UnityExtensions/Unity/UnitySpatialTracking/Runtime/UnityEngine.SpatialTracking.dll'  GUID: ed7343f30e3843b3afda8f8b02669cea
 'C:/Program Files/Unity/Hub/Editor/2018.3.11f1/Editor/Data/UnityExtensions/Unity/UnityGoogleAudioSpatializer/Editor/UnityEditor.GoogleAudioSpatializer.dll'  GUID: 4a3ecb1425d14502837abea459cf2b70
 'C:/Program Files/Unity/Hub/Editor/2018.3.11f1/Editor/Data/UnityExtensions/Unity/Networking/Editor/UnityEditor.Networking.dll'  GUID: 5f32cd94baa94578a686d4b9d6b660f7
 'C:/Program Files/Unity/Hub/Editor/2018.3.11f1/Editor/Data/UnityExtensions/Unity/UnitySpatialTracking/Editor/UnityEditor.SpatialTracking.dll'  GUID: b5da970776034f77a070d99423d68791
 'C:/Program Files/Unity/Hub/Editor/2018.3.11f1/Editor/Data/PlaybackEngines/MetroSupport/Managed/UAP/UnityEngine.Networking.dll'  GUID: 52a206b72a8f4f749c28d8b18b42dd19
 'C:/Program Files/Unity/Hub/Editor/2018.3.11f1/Editor/Data/UnityExtensions/Unity/Networking/UnityEngine.Networking.dll'  GUID: 870353891bb340e2b2a9c8707e7419ba
 'C:/Program Files/Unity/Hub/Editor/2018.3.11f1/Editor/Data/UnityExtensions/Unity/TestRunner/UnityEngine.TestRunner.dll'  GUID: 53ebcfaa2e1e4e2dbc85882cd5a73fa1
 'C:/Program Files/Unity/Hub/Editor/2018.3.11f1/Editor/Data/UnityExtensions/Unity/UnityGoogleAudioSpatializer/RuntimeEditor/UnityEngine.GoogleAudioSpatializer.dll'  GUID: ead147da21254ff9a0a936bdd75e1680
 'C:/Program Files/Unity/Hub/Editor/2018.3.11f1/Editor/Data/UnityExtensions/Unity/UnityGoogleAudioSpatializer/Runtime/UnityEngine.GoogleAudioSpatializer.dll'  GUID: e4f4cf1b9b434137a499903a7a1d651a
 'C:/Program Files/Unity/Hub/Editor/2018.3.11f1/Editor/Data/UnityExtensions/Unity/UnityVR/Editor/UnityEditor.VR.dll'  GUID: 4ba2329b63d54f0187bcaa12486b1b0f
 'C:/Program Files/Unity/Hub/Editor/2018.3.11f1/Editor/Data/UnityExtensions/Unity/UnitySpatialTracking/RuntimeEditor/UnityEngine.SpatialTracking.dll'  GUID: 3a84de5cd0624681b6b6dcd8921d912a
 'C:/Program Files/Unity/Hub/Editor/2018.3.11f1/Editor/Data/UnityExtensions/Unity/GUISystem/Editor/UnityEditor.UI.dll'  GUID: 80a3616ca19596e4da0f10f14d241e9f
 'C:/Program Files/Unity/Hub/Editor/2018.3.11f1/Editor/Data/UnityExtensions/Unity/TestRunner/Editor/UnityEditor.TestRunner.dll'  GUID: 4113173d5e95493ab8765d7b08371de4
 'C:/Program Files/Unity/Hub/Editor/2018.3.11f1/Editor/Data/UnityExtensions/Unity/TestRunner/net35/unity-custom/nunit.framework.dll'  GUID: 4b3fa4bde7f1451a8218c03ee6a8ded8
 'C:/Program Files/Unity/Hub/Editor/2018.3.11f1/Editor/Data/UnityExtensions/Unity/Timeline/Editor/UnityEditor.Timeline.dll'  GUID: 7668179ede524d6396c8b7d84461ea29
PrecompiledAssemblyException: Multiple precompiled assemblies with the same name Confluent.Kafka.dll included for the current platform. Only one assembly with the same name is allowed per platform. Assembly path: {0}
  at UnityEditor.Scripting.ScriptCompilation.EditorBuildRules.CreateTargetAssemblies (System.Collections.Generic.IEnumerable`1[T] customScriptAssemblies, System.Collections.Generic.IEnumerable`1[T] precompiledAssemblies) [0x0028e] in C:\buildslave\unity\build\Editor\Mono\Scripting\ScriptCompilation\EditorBuildRules.cs:249 
  at UnityEditor.Scripting.ScriptCompilation.EditorCompilation.UpdateCustomTargetAssemblies () [0x00032] in C:\buildslave\unity\build\Editor\Mono\Scripting\ScriptCompilation\EditorCompilation.cs:619 
  at UnityEditor.Scripting.ScriptCompilation.EditorCompilation.SetAllCustomScriptAssemblyJsons (System.String[] paths) [0x002e3] in C:\buildslave\unity\build\Editor\Mono\Scripting\ScriptCompilation\EditorCompilation.cs:729 
  at UnityEditor.Scripting.ScriptCompilation.EditorCompilationInterface.SetAllCustomScriptAssemblyJsons (System.String[] allAssemblyJsons) [0x00007] in C:\buildslave\unity\build\Editor\Mono\Scripting\ScriptCompilation\EditorCompilationInterface.cs:217 
 
(Filename: C:/buildslave/unity/build/Editor/Mono/Scripting/ScriptCompilation/EditorBuildRules.cs Line: 249)

Load scene 'Assets/Scenes/SampleScene.unity' time: 0.021600 ms 
LightmapEditorSettings: switching bake backend from 1 to 0.
Unloading 103 Unused Serialized files (Serialized files now loaded: 0)
System memory in use before: 134.9 MB.
System memory in use after: 134.9 MB.

Unloading 57 unused Assets to reduce memory usage. Loaded Objects now: 1003.
Total: 7.281300 ms (FindLiveObjects: 0.618500 ms CreateObjectMapping: 0.041600 ms MarkObjects: 6.568700 ms  DeleteObjects: 0.051200 ms)

<RI> Initialized touch support.
<RI> Initialized touch support.
<RI> Initialized touch support.
<RI> Initialized touch support.
<RI> Initialized touch support.
<RI> Initialized touch support.
<RI> Initialized touch support.
Multiple plugins with the same name 'libzstd' (found at 'Assets/packages/librdkafka.redist.1.2.1/runtimes/win-x64/native/libzstd.dll' and 'Assets/packages/librdkafka.redist.1.2.1/runtimes/win-x86/native/libzstd.dll'). That means one or more plugins are set to be compatible with Editor. Only one plugin at the time can be used by Editor.
Microsoft.Win32.RegistryKey:GetSubKeyNames()
UnityEditor.RiderPathLocator:CollectPathsFromRegistry(String, List`1) (at C:\buildslave\unity\build\Editor\Mono\SyncRiderProject.cs:131)
UnityEditor.RiderPathLocator:CollectRiderInfosWindows() (at C:\buildslave\unity\build\Editor\Mono\SyncRiderProject.cs:116)
UnityEditor.RiderPathLocator:GetAllRiderPaths() (at C:\buildslave\unity\build\Editor\Mono\SyncRiderProject.cs:154)
UnityEditor.SyncRiderProject:PathCallback() (at C:\buildslave\unity\build\Editor\Mono\SyncRiderProject.cs:21)
UnityEditorInternal.ScriptEditorUtility:GetFoundScriptEditorPaths(RuntimePlatform) (at C:\buildslave\unity\build\Editor\Mono\ScriptEditorUtility.cs:154)
UnityEditor.PreferencesProvider:ReadPreferences() (at C:\buildslave\unity\build\Editor\Mono\PreferencesWindow\PreferencesSettingsProviders.cs:1166)
UnityEditor.PreferencesProvider:.ctor(String, IEnumerable`1) (at C:\buildslave\unity\build\Editor\Mono\PreferencesWindow\PreferencesSettingsProviders.cs:194)
UnityEditor.PreferencesProvider:CreateGeneralProvider() (at C:\buildslave\unity\build\Editor\Mono\PreferencesWindow\PreferencesSettingsProviders.cs:200)
UnityEditor.SettingsService:<FetchSettingProviderFromAttribute>m__2(MethodWithAttribute) (at C:\buildslave\unity\build\Editor\Mono\Settings\SettingsService.cs:73)
System.Linq.SelectListIterator`2:MoveNext()
System.Linq.ConcatIterator`1:MoveNext()
System.Linq.WhereEnumerableIterator`1:ToArray()
System.Linq.Enumerable:ToArray(IEnumerable`1)
UnityEditor.SettingsService:FetchSettingsProviders() (at C:\buildslave\unity\build\Editor\Mono\Settings\SettingsService.cs:41)
UnityEditor.SettingsWindow:Init() (at C:\buildslave\unity\build\Editor\Mono\Settings\SettingsWindow.cs:188)
UnityEditor.SettingsWindow:OnEnable() (at C:\buildslave\unity\build\Editor\Mono\Settings\SettingsWindow.cs:99)
UnityEditorInternal.InternalEditorUtility:LoadSerializedFileAndForget(String)
UnityEditor.WindowLayout:LoadWindowLayout(String, Boolean) (at C:\buildslave\unity\build\Editor\Mono\GUI\WindowLayout.cs:495)

[C:\buildslave\unity\build\Editor/Src/AssetPipeline/PluginManager.cpp line 150] 
(Filename: C:/buildslave/unity/build/Editor/Mono/SyncRiderProject.cs Line: 131)

Multiple plugins with the same name 'librdkafka' (found at 'Assets/packages/librdkafka.redist.1.2.1/runtimes/win-x86/native/librdkafka.dll' and 'Assets/packages/librdkafka.redist.1.2.1/runtimes/win-x64/native/librdkafka.dll'). That means one or more plugins are set to be compatible with Editor. Only one plugin at the time can be used by Editor.
Microsoft.Win32.RegistryKey:GetSubKeyNames()
UnityEditor.RiderPathLocator:CollectPathsFromRegistry(String, List`1) (at C:\buildslave\unity\build\Editor\Mono\SyncRiderProject.cs:131)
UnityEditor.RiderPathLocator:CollectRiderInfosWindows() (at C:\buildslave\unity\build\Editor\Mono\SyncRiderProject.cs:116)
UnityEditor.RiderPathLocator:GetAllRiderPaths() (at C:\buildslave\unity\build\Editor\Mono\SyncRiderProject.cs:154)
UnityEditor.SyncRiderProject:PathCallback() (at C:\buildslave\unity\build\Editor\Mono\SyncRiderProject.cs:21)
UnityEditorInternal.ScriptEditorUtility:GetFoundScriptEditorPaths(RuntimePlatform) (at C:\buildslave\unity\build\Editor\Mono\ScriptEditorUtility.cs:154)
UnityEditor.PreferencesProvider:ReadPreferences() (at C:\buildslave\unity\build\Editor\Mono\PreferencesWindow\PreferencesSettingsProviders.cs:1166)
UnityEditor.PreferencesProvider:.ctor(String, IEnumerable`1) (at C:\buildslave\unity\build\Editor\Mono\PreferencesWindow\PreferencesSettingsProviders.cs:194)
UnityEditor.PreferencesProvider:CreateGeneralProvider() (at C:\buildslave\unity\build\Editor\Mono\PreferencesWindow\PreferencesSettingsProviders.cs:200)
UnityEditor.SettingsService:<FetchSettingProviderFromAttribute>m__2(MethodWithAttribute) (at C:\buildslave\unity\build\Editor\Mono\Settings\SettingsService.cs:73)
System.Linq.SelectListIterator`2:MoveNext()
System.Linq.ConcatIterator`1:MoveNext()
System.Linq.WhereEnumerableIterator`1:ToArray()
System.Linq.Enumerable:ToArray(IEnumerable`1)
UnityEditor.SettingsService:FetchSettingsProviders() (at C:\buildslave\unity\build\Editor\Mono\Settings\SettingsService.cs:41)
UnityEditor.SettingsWindow:Init() (at C:\buildslave\unity\build\Editor\Mono\Settings\SettingsWindow.cs:188)
UnityEditor.SettingsWindow:OnEnable() (at C:\buildslave\unity\build\Editor\Mono\Settings\SettingsWindow.cs:99)
UnityEditorInternal.InternalEditorUtility:LoadSerializedFileAndForget(String)
UnityEditor.WindowLayout:LoadWindowLayout(String, Boolean) (at C:\buildslave\unity\build\Editor\Mono\GUI\WindowLayout.cs:495)

[C:\buildslave\unity\build\Editor/Src/AssetPipeline/PluginManager.cpp line 150] 
(Filename: C:/buildslave/unity/build/Editor/Mono/SyncRiderProject.cs Line: 131)

Multiple plugins with the same name 'librdkafkacpp' (found at 'Assets/packages/librdkafka.redist.1.2.1/runtimes/win-x64/native/librdkafkacpp.dll' and 'Assets/packages/librdkafka.redist.1.2.1/runtimes/win-x86/native/librdkafkacpp.dll'). That means one or more plugins are set to be compatible with Editor. Only one plugin at the time can be used by Editor.
Microsoft.Win32.RegistryKey:GetSubKeyNames()
UnityEditor.RiderPathLocator:CollectPathsFromRegistry(String, List`1) (at C:\buildslave\unity\build\Editor\Mono\SyncRiderProject.cs:131)
UnityEditor.RiderPathLocator:CollectRiderInfosWindows() (at C:\buildslave\unity\build\Editor\Mono\SyncRiderProject.cs:116)
UnityEditor.RiderPathLocator:GetAllRiderPaths() (at C:\buildslave\unity\build\Editor\Mono\SyncRiderProject.cs:154)
UnityEditor.SyncRiderProject:PathCallback() (at C:\buildslave\unity\build\Editor\Mono\SyncRiderProject.cs:21)
UnityEditorInternal.ScriptEditorUtility:GetFoundScriptEditorPaths(RuntimePlatform) (at C:\buildslave\unity\build\Editor\Mono\ScriptEditorUtility.cs:154)
UnityEditor.PreferencesProvider:ReadPreferences() (at C:\buildslave\unity\build\Editor\Mono\PreferencesWindow\PreferencesSettingsProviders.cs:1166)
UnityEditor.PreferencesProvider:.ctor(String, IEnumerable`1) (at C:\buildslave\unity\build\Editor\Mono\PreferencesWindow\PreferencesSettingsProviders.cs:194)
UnityEditor.PreferencesProvider:CreateGeneralProvider() (at C:\buildslave\unity\build\Editor\Mono\PreferencesWindow\PreferencesSettingsProviders.cs:200)
UnityEditor.SettingsService:<FetchSettingProviderFromAttribute>m__2(MethodWithAttribute) (at C:\buildslave\unity\build\Editor\Mono\Settings\SettingsService.cs:73)
System.Linq.SelectListIterator`2:MoveNext()
System.Linq.ConcatIterator`1:MoveNext()
System.Linq.WhereEnumerableIterator`1:ToArray()
System.Linq.Enumerable:ToArray(IEnumerable`1)
UnityEditor.SettingsService:FetchSettingsProviders() (at C:\buildslave\unity\build\Editor\Mono\Settings\SettingsService.cs:41)
UnityEditor.SettingsWindow:Init() (at C:\buildslave\unity\build\Editor\Mono\Settings\SettingsWindow.cs:188)
UnityEditor.SettingsWindow:OnEnable() (at C:\buildslave\unity\build\Editor\Mono\Settings\SettingsWindow.cs:99)
UnityEditorInternal.InternalEditorUtility:LoadSerializedFileAndForget(String)
UnityEditor.WindowLayout:LoadWindowLayout(String, Boolean) (at C:\buildslave\unity\build\Editor\Mono\GUI\WindowLayout.cs:495)

[C:\buildslave\unity\build\Editor/Src/AssetPipeline/PluginManager.cpp line 150] 
(Filename: C:/buildslave/unity/build/Editor/Mono/SyncRiderProject.cs Line: 131)

Multiple plugins with the same name 'msvcr120' (found at 'Assets/packages/librdkafka.redist.1.2.1/runtimes/win-x64/native/msvcr120.dll' and 'Assets/packages/librdkafka.redist.1.2.1/runtimes/win-x86/native/msvcr120.dll'). That means one or more plugins are set to be compatible with Editor. Only one plugin at the time can be used by Editor.
Microsoft.Win32.RegistryKey:GetSubKeyNames()
UnityEditor.RiderPathLocator:CollectPathsFromRegistry(String, List`1) (at C:\buildslave\unity\build\Editor\Mono\SyncRiderProject.cs:131)
UnityEditor.RiderPathLocator:CollectRiderInfosWindows() (at C:\buildslave\unity\build\Editor\Mono\SyncRiderProject.cs:116)
UnityEditor.RiderPathLocator:GetAllRiderPaths() (at C:\buildslave\unity\build\Editor\Mono\SyncRiderProject.cs:154)
UnityEditor.SyncRiderProject:PathCallback() (at C:\buildslave\unity\build\Editor\Mono\SyncRiderProject.cs:21)
UnityEditorInternal.ScriptEditorUtility:GetFoundScriptEditorPaths(RuntimePlatform) (at C:\buildslave\unity\build\Editor\Mono\ScriptEditorUtility.cs:154)
UnityEditor.PreferencesProvider:ReadPreferences() (at C:\buildslave\unity\build\Editor\Mono\PreferencesWindow\PreferencesSettingsProviders.cs:1166)
UnityEditor.PreferencesProvider:.ctor(String, IEnumerable`1) (at C:\buildslave\unity\build\Editor\Mono\PreferencesWindow\PreferencesSettingsProviders.cs:194)
UnityEditor.PreferencesProvider:CreateGeneralProvider() (at C:\buildslave\unity\build\Editor\Mono\PreferencesWindow\PreferencesSettingsProviders.cs:200)
UnityEditor.SettingsService:<FetchSettingProviderFromAttribute>m__2(MethodWithAttribute) (at C:\buildslave\unity\build\Editor\Mono\Settings\SettingsService.cs:73)
System.Linq.SelectListIterator`2:MoveNext()
System.Linq.ConcatIterator`1:MoveNext()
System.Linq.WhereEnumerableIterator`1:ToArray()
System.Linq.Enumerable:ToArray(IEnumerable`1)
UnityEditor.SettingsService:FetchSettingsProviders() (at C:\buildslave\unity\build\Editor\Mono\Settings\SettingsService.cs:41)
UnityEditor.SettingsWindow:Init() (at C:\buildslave\unity\build\Editor\Mono\Settings\SettingsWindow.cs:188)
UnityEditor.SettingsWindow:OnEnable() (at C:\buildslave\unity\build\Editor\Mono\Settings\SettingsWindow.cs:99)
UnityEditorInternal.InternalEditorUtility:LoadSerializedFileAndForget(String)
UnityEditor.WindowLayout:LoadWindowLayout(String, Boolean) (at C:\buildslave\unity\build\Editor\Mono\GUI\WindowLayout.cs:495)

[C:\buildslave\unity\build\Editor/Src/AssetPipeline/PluginManager.cpp line 150] 
(Filename: C:/buildslave/unity/build/Editor/Mono/SyncRiderProject.cs Line: 131)

Multiple plugins with the same name 'zlib' (found at 'Assets/packages/librdkafka.redist.1.2.1/runtimes/win-x86/native/zlib.dll' and 'Assets/packages/librdkafka.redist.1.2.1/runtimes/win-x64/native/zlib.dll'). That means one or more plugins are set to be compatible with Editor. Only one plugin at the time can be used by Editor.
Microsoft.Win32.RegistryKey:GetSubKeyNames()
UnityEditor.RiderPathLocator:CollectPathsFromRegistry(String, List`1) (at C:\buildslave\unity\build\Editor\Mono\SyncRiderProject.cs:131)
UnityEditor.RiderPathLocator:CollectRiderInfosWindows() (at C:\buildslave\unity\build\Editor\Mono\SyncRiderProject.cs:116)
UnityEditor.RiderPathLocator:GetAllRiderPaths() (at C:\buildslave\unity\build\Editor\Mono\SyncRiderProject.cs:154)
UnityEditor.SyncRiderProject:PathCallback() (at C:\buildslave\unity\build\Editor\Mono\SyncRiderProject.cs:21)
UnityEditorInternal.ScriptEditorUtility:GetFoundScriptEditorPaths(RuntimePlatform) (at C:\buildslave\unity\build\Editor\Mono\ScriptEditorUtility.cs:154)
UnityEditor.PreferencesProvider:ReadPreferences() (at C:\buildslave\unity\build\Editor\Mono\PreferencesWindow\PreferencesSettingsProviders.cs:1166)
UnityEditor.PreferencesProvider:.ctor(String, IEnumerable`1) (at C:\buildslave\unity\build\Editor\Mono\PreferencesWindow\PreferencesSettingsProviders.cs:194)
UnityEditor.PreferencesProvider:CreateGeneralProvider() (at C:\buildslave\unity\build\Editor\Mono\PreferencesWindow\PreferencesSettingsProviders.cs:200)
UnityEditor.SettingsService:<FetchSettingProviderFromAttribute>m__2(MethodWithAttribute) (at C:\buildslave\unity\build\Editor\Mono\Settings\SettingsService.cs:73)
System.Linq.SelectListIterator`2:MoveNext()
System.Linq.ConcatIterator`1:MoveNext()
System.Linq.WhereEnumerableIterator`1:ToArray()
System.Linq.Enumerable:ToArray(IEnumerable`1)
UnityEditor.SettingsService:FetchSettingsProviders() (at C:\buildslave\unity\build\Editor\Mono\Settings\SettingsService.cs:41)
UnityEditor.SettingsWindow:Init() (at C:\buildslave\unity\build\Editor\Mono\Settings\SettingsWindow.cs:188)
UnityEditor.SettingsWindow:OnEnable() (at C:\buildslave\unity\build\Editor\Mono\Settings\SettingsWindow.cs:99)
UnityEditorInternal.InternalEditorUtility:LoadSerializedFileAndForget(String)
UnityEditor.WindowLayout:LoadWindowLayout(String, Boolean) (at C:\buildslave\unity\build\Editor\Mono\GUI\WindowLayout.cs:495)

[C:\buildslave\unity\build\Editor/Src/AssetPipeline/PluginManager.cpp line 150] 
(Filename: C:/buildslave/unity/build/Editor/Mono/SyncRiderProject.cs Line: 131)

Multiple plugins with the same name 'msvcp120' (found at 'Assets/packages/librdkafka.redist.1.2.1/runtimes/win-x64/native/msvcp120.dll' and 'Assets/packages/librdkafka.redist.1.2.1/runtimes/win-x86/native/msvcp120.dll'). That means one or more plugins are set to be compatible with Editor. Only one plugin at the time can be used by Editor.
Microsoft.Win32.RegistryKey:GetSubKeyNames()
UnityEditor.RiderPathLocator:CollectPathsFromRegistry(String, List`1) (at C:\buildslave\unity\build\Editor\Mono\SyncRiderProject.cs:131)
UnityEditor.RiderPathLocator:CollectRiderInfosWindows() (at C:\buildslave\unity\build\Editor\Mono\SyncRiderProject.cs:116)
UnityEditor.RiderPathLocator:GetAllRiderPaths() (at C:\buildslave\unity\build\Editor\Mono\SyncRiderProject.cs:154)
UnityEditor.SyncRiderProject:PathCallback() (at C:\buildslave\unity\build\Editor\Mono\SyncRiderProject.cs:21)
UnityEditorInternal.ScriptEditorUtility:GetFoundScriptEditorPaths(RuntimePlatform) (at C:\buildslave\unity\build\Editor\Mono\ScriptEditorUtility.cs:154)
UnityEditor.PreferencesProvider:ReadPreferences() (at C:\buildslave\unity\build\Editor\Mono\PreferencesWindow\PreferencesSettingsProviders.cs:1166)
UnityEditor.PreferencesProvider:.ctor(String, IEnumerable`1) (at C:\buildslave\unity\build\Editor\Mono\PreferencesWindow\PreferencesSettingsProviders.cs:194)
UnityEditor.PreferencesProvider:CreateGeneralProvider() (at C:\buildslave\unity\build\Editor\Mono\PreferencesWindow\PreferencesSettingsProviders.cs:200)
UnityEditor.SettingsService:<FetchSettingProviderFromAttribute>m__2(MethodWithAttribute) (at C:\buildslave\unity\build\Editor\Mono\Settings\SettingsService.cs:73)
System.Linq.SelectListIterator`2:MoveNext()
System.Linq.ConcatIterator`1:MoveNext()
System.Linq.WhereEnumerableIterator`1:ToArray()
System.Linq.Enumerable:ToArray(IEnumerable`1)
UnityEditor.SettingsService:FetchSettingsProviders() (at C:\buildslave\unity\build\Editor\Mono\Settings\SettingsService.cs:41)
UnityEditor.SettingsWindow:Init() (at C:\buildslave\unity\build\Editor\Mono\Settings\SettingsWindow.cs:188)
UnityEditor.SettingsWindow:OnEnable() (at C:\buildslave\unity\build\Editor\Mono\Settings\SettingsWindow.cs:99)
UnityEditorInternal.InternalEditorUtility:LoadSerializedFileAndForget(String)
UnityEditor.WindowLayout:LoadWindowLayout(String, Boolean) (at C:\buildslave\unity\build\Editor\Mono\GUI\WindowLayout.cs:495)

[C:\buildslave\unity\build\Editor/Src/AssetPipeline/PluginManager.cpp line 150] 
(Filename: C:/buildslave/unity/build/Editor/Mono/SyncRiderProject.cs Line: 131)

Refreshing native plugins compatible for Editor in 20.59 ms, found 11 plugins.
<RI> Initializing input.
<RI> Input initialized.
Launched and connected shader compiler UnityShaderCompiler.exe after 0.04 seconds
- Starting compile Library/ScriptAssemblies/Assembly-CSharp.dll
Hub Web Socket connection default:(null):reason:29
Hub Web Socket HTTP protocol init
- Finished compile Library/ScriptAssemblies/Assembly-CSharp.dll
Symbols will be read from Temp\Assembly-CSharp.pdb
Script Module: Assembly-CSharp.dll
Pass: 0 took 23 milliseconds
Pass: 1 took 2 milliseconds
Reloading assemblies after finishing script compilation.
Begin MonoManager ReloadAssembly
Initializing Unity.PackageManager (PackageManager) v2018.3.11 for Unity v2018.3.11f1
Registering platform support modules:
Registered platform support modules in: 0.0364854s.
Native extension for Android target not found
Native extension for Metro target not found
Native extension for WebGL target not found
Native extension for WindowsStandalone target not found
Multiple plugins with the same name 'libzstd' (found at 'Assets/packages/librdkafka.redist.1.2.1/runtimes/win-x64/native/libzstd.dll' and 'Assets/packages/librdkafka.redist.1.2.1/runtimes/win-x86/native/libzstd.dll'). That means one or more plugins are set to be compatible with Editor. Only one plugin at the time can be used by Editor.
 
(Filename: C:\buildslave\unity\build\Editor/Src/AssetPipeline/PluginManager.cpp Line: 150)

Multiple plugins with the same name 'librdkafka' (found at 'Assets/packages/librdkafka.redist.1.2.1/runtimes/win-x86/native/librdkafka.dll' and 'Assets/packages/librdkafka.redist.1.2.1/runtimes/win-x64/native/librdkafka.dll'). That means one or more plugins are set to be compatible with Editor. Only one plugin at the time can be used by Editor.
 
(Filename: C:\buildslave\unity\build\Editor/Src/AssetPipeline/PluginManager.cpp Line: 150)

Multiple plugins with the same name 'librdkafkacpp' (found at 'Assets/packages/librdkafka.redist.1.2.1/runtimes/win-x64/native/librdkafkacpp.dll' and 'Assets/packages/librdkafka.redist.1.2.1/runtimes/win-x86/native/librdkafkacpp.dll'). That means one or more plugins are set to be compatible with Editor. Only one plugin at the time can be used by Editor.
 
(Filename: C:\buildslave\unity\build\Editor/Src/AssetPipeline/PluginManager.cpp Line: 150)

Multiple plugins with the same name 'msvcr120' (found at 'Assets/packages/librdkafka.redist.1.2.1/runtimes/win-x64/native/msvcr120.dll' and 'Assets/packages/librdkafka.redist.1.2.1/runtimes/win-x86/native/msvcr120.dll'). That means one or more plugins are set to be compatible with Editor. Only one plugin at the time can be used by Editor.
 
(Filename: C:\buildslave\unity\build\Editor/Src/AssetPipeline/PluginManager.cpp Line: 150)

Multiple plugins with the same name 'zlib' (found at 'Assets/packages/librdkafka.redist.1.2.1/runtimes/win-x86/native/zlib.dll' and 'Assets/packages/librdkafka.redist.1.2.1/runtimes/win-x64/native/zlib.dll'). That means one or more plugins are set to be compatible with Editor. Only one plugin at the time can be used by Editor.
 
(Filename: C:\buildslave\unity\build\Editor/Src/AssetPipeline/PluginManager.cpp Line: 150)

Multiple plugins with the same name 'msvcp120' (found at 'Assets/packages/librdkafka.redist.1.2.1/runtimes/win-x64/native/msvcp120.dll' and 'Assets/packages/librdkafka.redist.1.2.1/runtimes/win-x86/native/msvcp120.dll'). That means one or more plugins are set to be compatible with Editor. Only one plugin at the time can be used by Editor.
 
(Filename: C:\buildslave\unity\build\Editor/Src/AssetPipeline/PluginManager.cpp Line: 150)

Refreshing native plugins compatible for Editor in 1.13 ms, found 11 plugins.
Preloading 1 native plugins for Editor in 0.11 ms.
Unable to find bridge dll in registry for Microsoft Visual Studio Tools for Unity for C:/Program Files (x86)/Microsoft Visual Studio/2017/Community/Common7/IDE/devenv.exe
PrecompiledAssemblyException: Multiple precompiled assemblies with the same name Confluent.Kafka.dll included for the current platform. Only one assembly with the same name is allowed per platform. Assembly path: {0}
  at UnityEditor.Scripting.ScriptCompilation.EditorBuildRules.CreateTargetAssemblies (System.Collections.Generic.IEnumerable`1[T] customScriptAssemblies, System.Collections.Generic.IEnumerable`1[T] precompiledAssemblies) [0x0028e] in C:\buildslave\unity\build\Editor\Mono\Scripting\ScriptCompilation\EditorBuildRules.cs:249 
  at UnityEditor.Scripting.ScriptCompilation.EditorCompilation.UpdateCustomTargetAssemblies () [0x00032] in C:\buildslave\unity\build\Editor\Mono\Scripting\ScriptCompilation\EditorCompilation.cs:619 
  at UnityEditor.Scripting.ScriptCompilation.EditorCompilation.SetAllCustomScriptAssemblyJsons (System.String[] paths) [0x002e3] in C:\buildslave\unity\build\Editor\Mono\Scripting\ScriptCompilation\EditorCompilation.cs:729 
  at UnityEditor.Scripting.ScriptCompilation.EditorCompilationInterface.SetAllCustomScriptAssemblyJsons (System.String[] allAssemblyJsons) [0x00007] in C:\buildslave\unity\build\Editor\Mono\Scripting\ScriptCompilation\EditorCompilationInterface.cs:217 
 
(Filename: C:/buildslave/unity/build/Editor/Mono/Scripting/ScriptCompilation/EditorBuildRules.cs Line: 249)

Mono: successfully reloaded assembly
Multiple plugins with the same name 'libzstd' (found at 'Assets/packages/librdkafka.redist.1.2.1/runtimes/win-x64/native/libzstd.dll' and 'Assets/packages/librdkafka.redist.1.2.1/runtimes/win-x86/native/libzstd.dll'). That means one or more plugins are set to be compatible with Editor. Only one plugin at the time can be used by Editor.
 
(Filename: C:\buildslave\unity\build\Editor/Src/AssetPipeline/PluginManager.cpp Line: 150)

Multiple plugins with the same name 'librdkafka' (found at 'Assets/packages/librdkafka.redist.1.2.1/runtimes/win-x86/native/librdkafka.dll' and 'Assets/packages/librdkafka.redist.1.2.1/runtimes/win-x64/native/librdkafka.dll'). That means one or more plugins are set to be compatible with Editor. Only one plugin at the time can be used by Editor.
 
(Filename: C:\buildslave\unity\build\Editor/Src/AssetPipeline/PluginManager.cpp Line: 150)

Multiple plugins with the same name 'librdkafkacpp' (found at 'Assets/packages/librdkafka.redist.1.2.1/runtimes/win-x64/native/librdkafkacpp.dll' and 'Assets/packages/librdkafka.redist.1.2.1/runtimes/win-x86/native/librdkafkacpp.dll'). That means one or more plugins are set to be compatible with Editor. Only one plugin at the time can be used by Editor.
 
(Filename: C:\buildslave\unity\build\Editor/Src/AssetPipeline/PluginManager.cpp Line: 150)

Multiple plugins with the same name 'msvcr120' (found at 'Assets/packages/librdkafka.redist.1.2.1/runtimes/win-x64/native/msvcr120.dll' and 'Assets/packages/librdkafka.redist.1.2.1/runtimes/win-x86/native/msvcr120.dll'). That means one or more plugins are set to be compatible with Editor. Only one plugin at the time can be used by Editor.
 
(Filename: C:\buildslave\unity\build\Editor/Src/AssetPipeline/PluginManager.cpp Line: 150)

Multiple plugins with the same name 'zlib' (found at 'Assets/packages/librdkafka.redist.1.2.1/runtimes/win-x86/native/zlib.dll' and 'Assets/packages/librdkafka.redist.1.2.1/runtimes/win-x64/native/zlib.dll'). That means one or more plugins are set to be compatible with Editor. Only one plugin at the time can be used by Editor.
 
(Filename: C:\buildslave\unity\build\Editor/Src/AssetPipeline/PluginManager.cpp Line: 150)

Multiple plugins with the same name 'msvcp120' (found at 'Assets/packages/librdkafka.redist.1.2.1/runtimes/win-x64/native/msvcp120.dll' and 'Assets/packages/librdkafka.redist.1.2.1/runtimes/win-x86/native/msvcp120.dll'). That means one or more plugins are set to be compatible with Editor. Only one plugin at the time can be used by Editor.
 
(Filename: C:\buildslave\unity\build\Editor/Src/AssetPipeline/PluginManager.cpp Line: 150)

Refreshing native plugins compatible for Editor in 1.19 ms, found 11 plugins.
Preloading 1 native plugins for Editor in 0.12 ms.
- Completed reload, in  1.606 seconds
Platform modules already initialized, skipping
Hub Web Socket filter pre-establish
Hub Web Socket connection established
Created GICache directory at C:/Users/bitte/AppData/LocalLow/Unity/Caches/GiCache. Took: 0.030s, timestamps: [6.465 - 6.496]
Issue TrimJob to reduce GI Cache size to maximum 10GB at: 'C:/Users/bitte/AppData/LocalLow/Unity/Caches/GiCache'
Setting up 6 worker threads for Enlighten.
  Thread -> id: 1c28 -> priority: 1 
  Thread -> id: 2e24 -> priority: 1 
  Thread -> id: 5778 -> priority: 1 
  Thread -> id: 49e4 -> priority: 1 
  Thread -> id: 1eec -> priority: 1 
  Thread -> id: 3df0 -> priority: 1 
TrimDiskCacheJob: Current cache size 2mb
