Initiating legacy licensing module
LICENSE SYSTEM [20191026 12:7:33] Next license update check is after 2019-10-27T16:08:28


LICENSE SYSTEM [20191026 12:7:33] 00325-95800-00000-AAOEM != 00325-96338-70568-AAOEM

Built from '2018.3/staging' branch; Version is '2018.3.11f1 (5063218e4ab8) revision 5268257'; Using compiler version '191326128'
OS: 'Windows 10  (10.0.0) 64bit' Language: 'en' Physical Memory: 16178 MB
BatchMode: 0, IsHumanControllingUs: 1, StartBugReporterOnCrash: 1, Is64bit: 1, IsPro: 0
[Package Manager] Server::Start -- Port 57659 was selected

 COMMAND LINE ARGUMENTS:
C:\Program Files\Unity\Hub\Editor\2018.3.11f1\Editor\Unity.exe
-projectpath
D:/Repos/PersonalGithub/kafka-unity/unity-kafka
-useHub
-hubIPC
-cloudEnvironment
production
-hubSessionId
6dc12350-f810-11e9-865d-15a597d7807f
-accessToken
Uv377Hj3Ia25oDVTL3QnKOLxyfgM5bNSzIrAh2F-COg002f
Successfully changed project path to: D:/Repos/PersonalGithub/kafka-unity/unity-kafka
D:/Repos/PersonalGithub/kafka-unity/unity-kafka
Using Asset Import Pipeline V1.
Initiating legacy licensing moduleLoading GUID <-> Path mappings...0.000090 seconds
Loading Asset Database...0.010710 seconds
Build target: OSXUniversal found and added!
Build target: WindowsStoreApps found and added!
Build target: Win64 found and added!
Build target: Win found and added!
Build target: LinuxUniversal found and added!
Build target: Linux64 found and added!
Build target: Linux found and added!
Build target: iOS found and added!
Build target: tvOS found and added!
Build target: PS4 found and added!
Build target: XboxOne found and added!
Build target: Android found and added!
Build target: WebGL found and added!
Build target: Switch found and added!
Build target: Lumin found and added!
Build target: PSM found and added!
Build target: PSP2 found and added!
Build target: WiiU found and added!
Build target: Web found and added!
Build target: WebStreamed found and added!
Build target: OSXIntel found and added!
Build target: OSXIntel64 found and added!
Build target: BlackBerry found and added!
Build target: PS3 found and added!
Build target: N3DS found and added!
Build target: WP8 found and added!
Build target: SamsungTV found and added!
Build target: Tizen found and added!
AssetDatabase consistency checks...0.021820 seconds
Refreshing native plugins compatible for Editor in 29.51 ms, found 10 plugins.
Preloading 0 native plugins for Editor in 0.00 ms.
[Package Manager] Done resolving packages in 0.18s seconds
[Package Manager] Registering 36 packages:
[Package Manager]  * Package :  com.unity.ads@2.0.8
    (location: D:\Repos\PersonalGithub\kafka-unity\unity-kafka\Library\PackageCache\com.unity.ads@2.0.8)
[Package Manager]  * Package :  com.unity.analytics@3.2.2
    (location: D:\Repos\PersonalGithub\kafka-unity\unity-kafka\Library\PackageCache\com.unity.analytics@3.2.2)
[Package Manager]  * Package :  com.unity.collab-proxy@1.2.15
    (location: D:\Repos\PersonalGithub\kafka-unity\unity-kafka\Library\PackageCache\com.unity.collab-proxy@1.2.15)
[Package Manager]  * Package :  com.unity.package-manager-ui@2.0.7
    (location: D:\Repos\PersonalGithub\kafka-unity\unity-kafka\Library\PackageCache\com.unity.package-manager-ui@2.0.7)
[Package Manager]  * Package :  com.unity.purchasing@2.0.3
    (location: D:\Repos\PersonalGithub\kafka-unity\unity-kafka\Library\PackageCache\com.unity.purchasing@2.0.3)
[Package Manager]  * Package :  com.unity.textmeshpro@1.3.0
    (location: D:\Repos\PersonalGithub\kafka-unity\unity-kafka\Library\PackageCache\com.unity.textmeshpro@1.3.0)
[Package Manager]  * Package :  com.unity.modules.ai@1.0.0
    (location: C:\Program Files\Unity\Hub\Editor\2018.3.11f1\Editor\Data\Resources\PackageManager\BuiltInPackages\com.unity.modules.ai)
[Package Manager]  * Package :  com.unity.modules.animation@1.0.0
    (location: C:\Program Files\Unity\Hub\Editor\2018.3.11f1\Editor\Data\Resources\PackageManager\BuiltInPackages\com.unity.modules.animation)
[Package Manager]  * Package :  com.unity.modules.assetbundle@1.0.0
    (location: C:\Program Files\Unity\Hub\Editor\2018.3.11f1\Editor\Data\Resources\PackageManager\BuiltInPackages\com.unity.modules.assetbundle)
[Package Manager]  * Package :  com.unity.modules.audio@1.0.0
    (location: C:\Program Files\Unity\Hub\Editor\2018.3.11f1\Editor\Data\Resources\PackageManager\BuiltInPackages\com.unity.modules.audio)
[Package Manager]  * Package :  com.unity.modules.cloth@1.0.0
    (location: C:\Program Files\Unity\Hub\Editor\2018.3.11f1\Editor\Data\Resources\PackageManager\BuiltInPackages\com.unity.modules.cloth)
[Package Manager]  * Package :  com.unity.modules.director@1.0.0
    (location: C:\Program Files\Unity\Hub\Editor\2018.3.11f1\Editor\Data\Resources\PackageManager\BuiltInPackages\com.unity.modules.director)
[Package Manager]  * Package :  com.unity.modules.imageconversion@1.0.0
    (location: C:\Program Files\Unity\Hub\Editor\2018.3.11f1\Editor\Data\Resources\PackageManager\BuiltInPackages\com.unity.modules.imageconversion)
[Package Manager]  * Package :  com.unity.modules.imgui@1.0.0
    (location: C:\Program Files\Unity\Hub\Editor\2018.3.11f1\Editor\Data\Resources\PackageManager\BuiltInPackages\com.unity.modules.imgui)
[Package Manager]  * Package :  com.unity.modules.jsonserialize@1.0.0
    (location: C:\Program Files\Unity\Hub\Editor\2018.3.11f1\Editor\Data\Resources\PackageManager\BuiltInPackages\com.unity.modules.jsonserialize)
[Package Manager]  * Package :  com.unity.modules.particlesystem@1.0.0
    (location: C:\Program Files\Unity\Hub\Editor\2018.3.11f1\Editor\Data\Resources\PackageManager\BuiltInPackages\com.unity.modules.particlesystem)
[Package Manager]  * Package :  com.unity.modules.physics@1.0.0
    (location: C:\Program Files\Unity\Hub\Editor\2018.3.11f1\Editor\Data\Resources\PackageManager\BuiltInPackages\com.unity.modules.physics)
[Package Manager]  * Package :  com.unity.modules.physics2d@1.0.0
    (location: C:\Program Files\Unity\Hub\Editor\2018.3.11f1\Editor\Data\Resources\PackageManager\BuiltInPackages\com.unity.modules.physics2d)
[Package Manager]  * Package :  com.unity.modules.screencapture@1.0.0
    (location: C:\Program Files\Unity\Hub\Editor\2018.3.11f1\Editor\Data\Resources\PackageManager\BuiltInPackages\com.unity.modules.screencapture)
[Package Manager]  * Package :  com.unity.modules.terrain@1.0.0
    (location: C:\Program Files\Unity\Hub\Editor\2018.3.11f1\Editor\Data\Resources\PackageManager\BuiltInPackages\com.unity.modules.terrain)
[Package Manager]  * Package :  com.unity.modules.terrainphysics@1.0.0
    (location: C:\Program Files\Unity\Hub\Editor\2018.3.11f1\Editor\Data\Resources\PackageManager\BuiltInPackages\com.unity.modules.terrainphysics)
[Package Manager]  * Package :  com.unity.modules.tilemap@1.0.0
    (location: C:\Program Files\Unity\Hub\Editor\2018.3.11f1\Editor\Data\Resources\PackageManager\BuiltInPackages\com.unity.modules.tilemap)
[Package Manager]  * Package :  com.unity.modules.ui@1.0.0
    (location: C:\Program Files\Unity\Hub\Editor\2018.3.11f1\Editor\Data\Resources\PackageManager\BuiltInPackages\com.unity.modules.ui)
[Package Manager]  * Package :  com.unity.modules.uielements@1.0.0
    (location: C:\Program Files\Unity\Hub\Editor\2018.3.11f1\Editor\Data\Resources\PackageManager\BuiltInPackages\com.unity.modules.uielements)
[Package Manager]  * Package :  com.unity.modules.umbra@1.0.0
    (location: C:\Program Files\Unity\Hub\Editor\2018.3.11f1\Editor\Data\Resources\PackageManager\BuiltInPackages\com.unity.modules.umbra)
[Package Manager]  * Package :  com.unity.modules.unityanalytics@1.0.0
    (location: C:\Program Files\Unity\Hub\Editor\2018.3.11f1\Editor\Data\Resources\PackageManager\BuiltInPackages\com.unity.modules.unityanalytics)
[Package Manager]  * Package :  com.unity.modules.unitywebrequest@1.0.0
    (location: C:\Program Files\Unity\Hub\Editor\2018.3.11f1\Editor\Data\Resources\PackageManager\BuiltInPackages\com.unity.modules.unitywebrequest)
[Package Manager]  * Package :  com.unity.modules.unitywebrequestassetbundle@1.0.0
    (location: C:\Program Files\Unity\Hub\Editor\2018.3.11f1\Editor\Data\Resources\PackageManager\BuiltInPackages\com.unity.modules.unitywebrequestassetbundle)
[Package Manager]  * Package :  com.unity.modules.unitywebrequestaudio@1.0.0
    (location: C:\Program Files\Unity\Hub\Editor\2018.3.11f1\Editor\Data\Resources\PackageManager\BuiltInPackages\com.unity.modules.unitywebrequestaudio)
[Package Manager]  * Package :  com.unity.modules.unitywebrequesttexture@1.0.0
    (location: C:\Program Files\Unity\Hub\Editor\2018.3.11f1\Editor\Data\Resources\PackageManager\BuiltInPackages\com.unity.modules.unitywebrequesttexture)
[Package Manager]  * Package :  com.unity.modules.unitywebrequestwww@1.0.0
    (location: C:\Program Files\Unity\Hub\Editor\2018.3.11f1\Editor\Data\Resources\PackageManager\BuiltInPackages\com.unity.modules.unitywebrequestwww)
[Package Manager]  * Package :  com.unity.modules.vehicles@1.0.0
    (location: C:\Program Files\Unity\Hub\Editor\2018.3.11f1\Editor\Data\Resources\PackageManager\BuiltInPackages\com.unity.modules.vehicles)
[Package Manager]  * Package :  com.unity.modules.video@1.0.0
    (location: C:\Program Files\Unity\Hub\Editor\2018.3.11f1\Editor\Data\Resources\PackageManager\BuiltInPackages\com.unity.modules.video)
[Package Manager]  * Package :  com.unity.modules.vr@1.0.0
    (location: C:\Program Files\Unity\Hub\Editor\2018.3.11f1\Editor\Data\Resources\PackageManager\BuiltInPackages\com.unity.modules.vr)
[Package Manager]  * Package :  com.unity.modules.wind@1.0.0
    (location: C:\Program Files\Unity\Hub\Editor\2018.3.11f1\Editor\Data\Resources\PackageManager\BuiltInPackages\com.unity.modules.wind)
[Package Manager]  * Package :  com.unity.modules.xr@1.0.0
    (location: C:\Program Files\Unity\Hub\Editor\2018.3.11f1\Editor\Data\Resources\PackageManager\BuiltInPackages\com.unity.modules.xr)
[Package Manager] Done registering packages in 0.01s seconds
IsTimeToCheckForNewEditor: Update time 1572109772 current 1572109654
Initialize engine version: 2018.3.11f1 (5063218e4ab8)
GfxDevice: creating device client; threaded=1
Direct3D:
    Version:  Direct3D 11.0 [level 11.1]
    Renderer: NVIDIA GeForce GTX 1060 with Max-Q Design (ID=0x1c20)
    Vendor:   
    VRAM:     6052 MB
    Driver:   26.21.14.3136
[EnlightenBakeManager] m_Clear = false;
WARNING: Shader Unsupported: 'AR/TangoARRender' - Pass '' has no vertex shader
WARNING: Shader Unsupported: 'AR/TangoARRender' - Setting to default shader.
WARNING: Shader Unsupported: 'Hidden/VideoDecodeOSX' - Pass 'Flip_RGBARect_To_RGBA' has no vertex shader
WARNING: Shader Unsupported: 'Hidden/VideoDecodeOSX' - Setting to default shader.
WARNING: Shader Unsupported: 'Hidden/VideoDecodeAndroid' - Pass 'RGBAExternal_To_RGBA' has no vertex shader
WARNING: Shader Unsupported: 'Hidden/VideoDecodeAndroid' - Setting to default shader.
Initialize mono
Mono path[0] = 'C:/Program Files/Unity/Hub/Editor/2018.3.11f1/Editor/Data/Managed'
Mono path[1] = 'C:/Program Files/Unity/Hub/Editor/2018.3.11f1/Editor/Data/MonoBleedingEdge/lib/mono/unityjit'
Mono config path = 'C:/Program Files/Unity/Hub/Editor/2018.3.11f1/Editor/Data/MonoBleedingEdge/etc'
Using monoOptions --debugger-agent=transport=dt_socket,embedding=1,server=y,suspend=n,address=0.0.0.0:56660
Begin MonoManager ReloadAssembly
Refreshing native plugins compatible for Editor in 0.73 ms, found 11 plugins.
Initializing Unity.PackageManager (PackageManager) v2018.3.11 for Unity v2018.3.11f1
Registering precompiled unity dll's ...
Register platform support module: C:\Program Files\Unity\Hub\Editor\2018.3.11f1\Editor\Data\PlaybackEngines\AndroidPlayer/UnityEditor.Android.Extensions.dll
Register platform support module: C:\Program Files\Unity\Hub\Editor\2018.3.11f1\Editor\Data\PlaybackEngines\MetroSupport/UnityEditor.WSA.Extensions.dll
Register platform support module: C:\Program Files\Unity\Hub\Editor\2018.3.11f1\Editor\Data\PlaybackEngines\WebGLSupport/UnityEditor.WebGL.Extensions.dll
Register platform support module: C:\Program Files\Unity\Hub\Editor\2018.3.11f1\Editor\Data\PlaybackEngines\windowsstandalonesupport/UnityEditor.WindowsStandalone.Extensions.dll
Registered in 0.002272 seconds.
Registering platform support modules:
Registered platform support modules in: 0.0692598s.
Native extension for Android target not found
Native extension for Metro target not found
Native extension for WebGL target not found
Native extension for WindowsStandalone target not found
Refreshing native plugins compatible for Editor in 0.78 ms, found 11 plugins.
Preloading 1 native plugins for Editor in 0.92 ms.
Unable to find bridge dll in registry for Microsoft Visual Studio Tools for Unity for C:/Program Files (x86)/Microsoft Visual Studio/2017/Community/Common7/IDE/devenv.exe
Mono: successfully reloaded assembly
- Completed reload, in  1.103 seconds
Registering precompiled user dll's ...
Registered in 0.048147 seconds.
Platform modules already initialized, skipping
PrecompiledAssemblyException: Multiple precompiled assemblies with the same name Confluent.Kafka.dll included for the current platform. Only one assembly with the same name is allowed per platform. Assembly path: {0}
  at UnityEditor.Scripting.ScriptCompilation.EditorBuildRules.CreateTargetAssemblies (System.Collections.Generic.IEnumerable`1[T] customScriptAssemblies, System.Collections.Generic.IEnumerable`1[T] precompiledAssemblies) [0x0028e] in C:\buildslave\unity\build\Editor\Mono\Scripting\ScriptCompilation\EditorBuildRules.cs:249 
  at UnityEditor.Scripting.ScriptCompilation.EditorCompilation.UpdateCustomTargetAssemblies () [0x00032] in C:\buildslave\unity\build\Editor\Mono\Scripting\ScriptCompilation\EditorCompilation.cs:619 
  at UnityEditor.Scripting.ScriptCompilation.EditorCompilation.SetAllCustomScriptAssemblyJsons (System.String[] paths) [0x002e3] in C:\buildslave\unity\build\Editor\Mono\Scripting\ScriptCompilation\EditorCompilation.cs:729 
  at UnityEditor.Scripting.ScriptCompilation.EditorCompilationInterface.SetAllCustomScriptAssemblyJsons (System.String[] allAssemblyJsons) [0x00007] in C:\buildslave\unity\build\Editor\Mono\Scripting\ScriptCompilation\EditorCompilationInterface.cs:217 
 
(Filename: C:/buildslave/unity/build/Editor/Mono/Scripting/ScriptCompilation/EditorBuildRules.cs Line: 249)

PrecompiledAssemblyException: Multiple precompiled assemblies with the same name Confluent.Kafka.dll included for the current platform. Only one assembly with the same name is allowed per platform. Assembly path: {0}
  at UnityEditor.Scripting.ScriptCompilation.EditorBuildRules.CreateTargetAssemblies (System.Collections.Generic.IEnumerable`1[T] customScriptAssemblies, System.Collections.Generic.IEnumerable`1[T] precompiledAssemblies) [0x0028e] in C:\buildslave\unity\build\Editor\Mono\Scripting\ScriptCompilation\EditorBuildRules.cs:249 
  at UnityEditor.Scripting.ScriptCompilation.EditorCompilation.UpdateCustomTargetAssemblies () [0x00032] in C:\buildslave\unity\build\Editor\Mono\Scripting\ScriptCompilation\EditorCompilation.cs:619 
  at UnityEditor.Scripting.ScriptCompilation.EditorCompilation.SetAllCustomScriptAssemblyJsons (System.String[] paths) [0x002e3] in C:\buildslave\unity\build\Editor\Mono\Scripting\ScriptCompilation\EditorCompilation.cs:729 
  at UnityEditor.Scripting.ScriptCompilation.EditorCompilationInterface.SetAllCustomScriptAssemblyJsons (System.String[] allAssemblyJsons) [0x00007] in C:\buildslave\unity\build\Editor\Mono\Scripting\ScriptCompilation\EditorCompilationInterface.cs:217 
 
(Filename: C:/buildslave/unity/build/Editor/Mono/Scripting/ScriptCompilation/EditorBuildRules.cs Line: 249)

PrecompiledAssemblyException: Multiple precompiled assemblies with the same name Confluent.Kafka.dll included for the current platform. Only one assembly with the same name is allowed per platform. Assembly path: {0}
  at UnityEditor.Scripting.ScriptCompilation.EditorBuildRules.CreateTargetAssemblies (System.Collections.Generic.IEnumerable`1[T] customScriptAssemblies, System.Collections.Generic.IEnumerable`1[T] precompiledAssemblies) [0x0028e] in C:\buildslave\unity\build\Editor\Mono\Scripting\ScriptCompilation\EditorBuildRules.cs:249 
  at UnityEditor.Scripting.ScriptCompilation.EditorCompilation.UpdateCustomTargetAssemblies () [0x00032] in C:\buildslave\unity\build\Editor\Mono\Scripting\ScriptCompilation\EditorCompilation.cs:619 
  at UnityEditor.Scripting.ScriptCompilation.EditorCompilation.SetAllCustomScriptAssemblyJsons (System.String[] paths) [0x002e3] in C:\buildslave\unity\build\Editor\Mono\Scripting\ScriptCompilation\EditorCompilation.cs:729 
  at UnityEditor.Scripting.ScriptCompilation.EditorCompilationInterface.SetAllCustomScriptAssemblyJsons (System.String[] allAssemblyJsons) [0x00007] in C:\buildslave\unity\build\Editor\Mono\Scripting\ScriptCompilation\EditorCompilationInterface.cs:217 
 
(Filename: C:/buildslave/unity/build/Editor/Mono/Scripting/ScriptCompilation/EditorBuildRules.cs Line: 249)

Begin MonoManager ReloadAssembly
Initializing Unity.PackageManager (PackageManager) v2018.3.11 for Unity v2018.3.11f1
Registering platform support modules:
Registered platform support modules in: 0.0422813s.
Native extension for Android target not found
Native extension for Metro target not found
Native extension for WebGL target not found
Native extension for WindowsStandalone target not found
Refreshing native plugins compatible for Editor in 0.93 ms, found 11 plugins.
Preloading 1 native plugins for Editor in 0.12 ms.
Unable to find bridge dll in registry for Microsoft Visual Studio Tools for Unity for C:/Program Files (x86)/Microsoft Visual Studio/2017/Community/Common7/IDE/devenv.exe
PrecompiledAssemblyException: Multiple precompiled assemblies with the same name Confluent.Kafka.dll included for the current platform. Only one assembly with the same name is allowed per platform. Assembly path: {0}
  at UnityEditor.Scripting.ScriptCompilation.EditorBuildRules.CreateTargetAssemblies (System.Collections.Generic.IEnumerable`1[T] customScriptAssemblies, System.Collections.Generic.IEnumerable`1[T] precompiledAssemblies) [0x0028e] in C:\buildslave\unity\build\Editor\Mono\Scripting\ScriptCompilation\EditorBuildRules.cs:249 
  at UnityEditor.Scripting.ScriptCompilation.EditorCompilation.UpdateCustomTargetAssemblies () [0x00032] in C:\buildslave\unity\build\Editor\Mono\Scripting\ScriptCompilation\EditorCompilation.cs:619 
  at UnityEditor.Scripting.ScriptCompilation.EditorCompilation.SetAllCustomScriptAssemblyJsons (System.String[] paths) [0x002e3] in C:\buildslave\unity\build\Editor\Mono\Scripting\ScriptCompilation\EditorCompilation.cs:729 
  at UnityEditor.Scripting.ScriptCompilation.EditorCompilationInterface.SetAllCustomScriptAssemblyJsons (System.String[] allAssemblyJsons) [0x00007] in C:\buildslave\unity\build\Editor\Mono\Scripting\ScriptCompilation\EditorCompilationInterface.cs:217 
 
(Filename: C:/buildslave/unity/build/Editor/Mono/Scripting/ScriptCompilation/EditorBuildRules.cs Line: 249)

Mono: successfully reloaded assembly
- Completed reload, in  1.286 seconds
Platform modules already initialized, skipping
Validating Project structure ... 0.008547 seconds.
Refresh: detecting if any assets need to be imported or removed ...
Refreshing native plugins compatible for Editor in 0.88 ms, found 11 plugins.
Preloading 1 native plugins for Editor in 0.12 ms.
Refreshing native plugins compatible for Editor in 1.21 ms, found 11 plugins.
Preloading 1 native plugins for Editor in 0.14 ms.

Refresh Completed time: 0.078904s
	Asset Scan time: 0.025041s
	Asset Hashing: 0.000000s [0 B, 0.000000 mb/s]
	Asset Import (Scripting) time: 0.000000s (count: 0)
	Post Processs Assets (Scripting) time: 0.000000s
	Asset Rehashing: 0.000000s [0 B, 0.000000 mb/s]
	Asset Import (Non Scripting) time: 0.000000s (count: 0)
	Post Process Assets (Non Scripting) time: 0.000000s
	Dependent Assets to Import Queue time: 0.000000s

WARNING: Shader Unsupported: 'Hidden/VideoDecodeAndroid' - Pass 'RGBAExternal_To_RGBA' has no vertex shader
WARNING: Shader Unsupported: 'Hidden/VideoDecodeAndroid' - Setting to default shader.
WARNING: Shader Unsupported: 'Hidden/VideoDecodeOSX' - Pass 'Flip_RGBARect_To_RGBA' has no vertex shader
WARNING: Shader Unsupported: 'Hidden/VideoDecodeOSX' - Setting to default shader.
WARNING: Shader Unsupported: 'AR/TangoARRender' - Pass '' has no vertex shader
WARNING: Shader Unsupported: 'AR/TangoARRender' - Setting to default shader.
Warming cache for 772 main assets: 0.001693 seconds elapsed
Initializing Unity extensions:
Updating C:/Program Files/Unity/Hub/Editor/2018.3.11f1/Editor/Data/PlaybackEngines/MetroSupport/Managed/UAP/UnityEngine.Networking.dll - GUID: 52a206b72a8f4f749c28d8b18b42dd19...
 done. [Time: 189.848900 ms] 
Unloading 344 Unused Serialized files (Serialized files now loaded: 0)
System memory in use before: 145.2 MB.
System memory in use after: 143.6 MB.

Unloading 379 unused Assets to reduce memory usage. Loaded Objects now: 931.
Total: 3.976100 ms (FindLiveObjects: 0.256900 ms CreateObjectMapping: 0.028500 ms MarkObjects: 2.268500 ms  DeleteObjects: 1.421400 ms)

PrecompiledAssemblyException: Multiple precompiled assemblies with the same name Confluent.Kafka.dll included for the current platform. Only one assembly with the same name is allowed per platform. Assembly path: {0}
  at UnityEditor.Scripting.ScriptCompilation.EditorBuildRules.CreateTargetAssemblies (System.Collections.Generic.IEnumerable`1[T] customScriptAssemblies, System.Collections.Generic.IEnumerable`1[T] precompiledAssemblies) [0x0028e] in C:\buildslave\unity\build\Editor\Mono\Scripting\ScriptCompilation\EditorBuildRules.cs:249 
  at UnityEditor.Scripting.ScriptCompilation.EditorCompilation.UpdateCustomTargetAssemblies () [0x00032] in C:\buildslave\unity\build\Editor\Mono\Scripting\ScriptCompilation\EditorCompilation.cs:619 
  at UnityEditor.Scripting.ScriptCompilation.EditorCompilation.SetAllCustomScriptAssemblyJsons (System.String[] paths) [0x002e3] in C:\buildslave\unity\build\Editor\Mono\Scripting\ScriptCompilation\EditorCompilation.cs:729 
  at UnityEditor.Scripting.ScriptCompilation.EditorCompilationInterface.SetAllCustomScriptAssemblyJsons (System.String[] allAssemblyJsons) [0x00007] in C:\buildslave\unity\build\Editor\Mono\Scripting\ScriptCompilation\EditorCompilationInterface.cs:217 
UnityEditor.AssetDatabase:ImportAsset(String, ImportAssetOptions)
UnityEditor.WSA.TargetExtension:RegisterAdditionalUnityExtensions() (at C:\buildslave\unity\build\PlatformDependent\MetroPlayer\Extensions\Managed\ExtensionModule.cs:89)
UnityEditor.Modules.ModuleManager:RegisterAdditionalUnityExtensions() (at C:\buildslave\unity\build\Editor\Mono\Modules\ModuleManager.cs:155)
 
(Filename: C:/buildslave/unity/build/Editor/Mono/Scripting/ScriptCompilation/EditorBuildRules.cs Line: 249)

PrecompiledAssemblyException: Multiple precompiled assemblies with the same name Confluent.Kafka.dll included for the current platform. Only one assembly with the same name is allowed per platform. Assembly path: {0}
  at UnityEditor.Scripting.ScriptCompilation.EditorBuildRules.CreateTargetAssemblies (System.Collections.Generic.IEnumerable`1[T] customScriptAssemblies, System.Collections.Generic.IEnumerable`1[T] precompiledAssemblies) [0x0028e] in C:\buildslave\unity\build\Editor\Mono\Scripting\ScriptCompilation\EditorBuildRules.cs:249 
  at UnityEditor.Scripting.ScriptCompilation.EditorCompilation.UpdateCustomTargetAssemblies () [0x00032] in C:\buildslave\unity\build\Editor\Mono\Scripting\ScriptCompilation\EditorCompilation.cs:619 
  at UnityEditor.Scripting.ScriptCompilation.EditorCompilation.SetAllCustomScriptAssemblyJsons (System.String[] paths) [0x002e3] in C:\buildslave\unity\build\Editor\Mono\Scripting\ScriptCompilation\EditorCompilation.cs:729 
  at UnityEditor.Scripting.ScriptCompilation.EditorCompilationInterface.SetAllCustomScriptAssemblyJsons (System.String[] allAssemblyJsons) [0x00007] in C:\buildslave\unity\build\Editor\Mono\Scripting\ScriptCompilation\EditorCompilationInterface.cs:217 
UnityEditor.AssetDatabase:ImportAsset(String, ImportAssetOptions)
UnityEditor.WSA.TargetExtension:RegisterAdditionalUnityExtensions() (at C:\buildslave\unity\build\PlatformDependent\MetroPlayer\Extensions\Managed\ExtensionModule.cs:89)
UnityEditor.Modules.ModuleManager:RegisterAdditionalUnityExtensions() (at C:\buildslave\unity\build\Editor\Mono\Modules\ModuleManager.cs:155)
 
(Filename: C:/buildslave/unity/build/Editor/Mono/Scripting/ScriptCompilation/EditorBuildRules.cs Line: 249)

Script Compilation Pipeline Post Process Assets time: 0.083123s
Assembly Updater Post Process Assets time: 0.000014s
Refreshing native plugins compatible for Editor in 0.87 ms, found 11 plugins.
Preloading 1 native plugins for Editor in 0.12 ms.
 'C:/Program Files/Unity/Hub/Editor/2018.3.11f1/Editor/Data/UnityExtensions/Unity/Timeline/Runtime/UnityEngine.Timeline.dll'  GUID: 6a10b2909283487f913b00d94cd3faf5
 'C:/Program Files/Unity/Hub/Editor/2018.3.11f1/Editor/Data/UnityExtensions/Unity/TestRunner/portable/nunit.framework.dll'  GUID: 405b9b51bb344a128608d968297df79c
 'C:/Program Files/Unity/Hub/Editor/2018.3.11f1/Editor/Data/UnityExtensions/Unity/GUISystem/Standalone/UnityEngine.UI.dll'  GUID: f70555f144d8491a825f0804e09c671c
 'C:/Program Files/Unity/Hub/Editor/2018.3.11f1/Editor/Data/UnityExtensions/Unity/GUISystem/UnityEngine.UI.dll'  GUID: f5f67c52d1564df4a8936ccd202a3bd8
 'C:/Program Files/Unity/Hub/Editor/2018.3.11f1/Editor/Data/UnityExtensions/Unity/Timeline/RuntimeEditor/UnityEngine.Timeline.dll'  GUID: 844f815391db42d49455cbf1a7bfc434
 'C:/Program Files/Unity/Hub/Editor/2018.3.11f1/Editor/Data/UnityExtensions/Unity/Networking/Standalone/UnityEngine.Networking.dll'  GUID: dc443db3e92b4983b9738c1131f555cb
 'C:/Program Files/Unity/Hub/Editor/2018.3.11f1/Editor/Data/UnityExtensions/Unity/UnitySpatialTracking/Runtime/UnityEngine.SpatialTracking.dll'  GUID: ed7343f30e3843b3afda8f8b02669cea
 'C:/Program Files/Unity/Hub/Editor/2018.3.11f1/Editor/Data/UnityExtensions/Unity/UnityGoogleAudioSpatializer/Editor/UnityEditor.GoogleAudioSpatializer.dll'  GUID: 4a3ecb1425d14502837abea459cf2b70
 'C:/Program Files/Unity/Hub/Editor/2018.3.11f1/Editor/Data/UnityExtensions/Unity/Networking/Editor/UnityEditor.Networking.dll'  GUID: 5f32cd94baa94578a686d4b9d6b660f7
 'C:/Program Files/Unity/Hub/Editor/2018.3.11f1/Editor/Data/UnityExtensions/Unity/UnitySpatialTracking/Editor/UnityEditor.SpatialTracking.dll'  GUID: b5da970776034f77a070d99423d68791
 'C:/Program Files/Unity/Hub/Editor/2018.3.11f1/Editor/Data/PlaybackEngines/MetroSupport/Managed/UAP/UnityEngine.Networking.dll'  GUID: 52a206b72a8f4f749c28d8b18b42dd19
 'C:/Program Files/Unity/Hub/Editor/2018.3.11f1/Editor/Data/UnityExtensions/Unity/Networking/UnityEngine.Networking.dll'  GUID: 870353891bb340e2b2a9c8707e7419ba
 'C:/Program Files/Unity/Hub/Editor/2018.3.11f1/Editor/Data/UnityExtensions/Unity/TestRunner/UnityEngine.TestRunner.dll'  GUID: 53ebcfaa2e1e4e2dbc85882cd5a73fa1
 'C:/Program Files/Unity/Hub/Editor/2018.3.11f1/Editor/Data/UnityExtensions/Unity/UnityGoogleAudioSpatializer/RuntimeEditor/UnityEngine.GoogleAudioSpatializer.dll'  GUID: ead147da21254ff9a0a936bdd75e1680
 'C:/Program Files/Unity/Hub/Editor/2018.3.11f1/Editor/Data/UnityExtensions/Unity/UnityGoogleAudioSpatializer/Runtime/UnityEngine.GoogleAudioSpatializer.dll'  GUID: e4f4cf1b9b434137a499903a7a1d651a
 'C:/Program Files/Unity/Hub/Editor/2018.3.11f1/Editor/Data/UnityExtensions/Unity/UnityVR/Editor/UnityEditor.VR.dll'  GUID: 4ba2329b63d54f0187bcaa12486b1b0f
 'C:/Program Files/Unity/Hub/Editor/2018.3.11f1/Editor/Data/UnityExtensions/Unity/UnitySpatialTracking/RuntimeEditor/UnityEngine.SpatialTracking.dll'  GUID: 3a84de5cd0624681b6b6dcd8921d912a
 'C:/Program Files/Unity/Hub/Editor/2018.3.11f1/Editor/Data/UnityExtensions/Unity/GUISystem/Editor/UnityEditor.UI.dll'  GUID: 80a3616ca19596e4da0f10f14d241e9f
 'C:/Program Files/Unity/Hub/Editor/2018.3.11f1/Editor/Data/UnityExtensions/Unity/TestRunner/Editor/UnityEditor.TestRunner.dll'  GUID: 4113173d5e95493ab8765d7b08371de4
 'C:/Program Files/Unity/Hub/Editor/2018.3.11f1/Editor/Data/UnityExtensions/Unity/TestRunner/net35/unity-custom/nunit.framework.dll'  GUID: 4b3fa4bde7f1451a8218c03ee6a8ded8
 'C:/Program Files/Unity/Hub/Editor/2018.3.11f1/Editor/Data/UnityExtensions/Unity/Timeline/Editor/UnityEditor.Timeline.dll'  GUID: 7668179ede524d6396c8b7d84461ea29
PrecompiledAssemblyException: Multiple precompiled assemblies with the same name Confluent.Kafka.dll included for the current platform. Only one assembly with the same name is allowed per platform. Assembly path: {0}
  at UnityEditor.Scripting.ScriptCompilation.EditorBuildRules.CreateTargetAssemblies (System.Collections.Generic.IEnumerable`1[T] customScriptAssemblies, System.Collections.Generic.IEnumerable`1[T] precompiledAssemblies) [0x0028e] in C:\buildslave\unity\build\Editor\Mono\Scripting\ScriptCompilation\EditorBuildRules.cs:249 
  at UnityEditor.Scripting.ScriptCompilation.EditorCompilation.UpdateCustomTargetAssemblies () [0x00032] in C:\buildslave\unity\build\Editor\Mono\Scripting\ScriptCompilation\EditorCompilation.cs:619 
  at UnityEditor.Scripting.ScriptCompilation.EditorCompilation.SetAllCustomScriptAssemblyJsons (System.String[] paths) [0x002e3] in C:\buildslave\unity\build\Editor\Mono\Scripting\ScriptCompilation\EditorCompilation.cs:729 
  at UnityEditor.Scripting.ScriptCompilation.EditorCompilationInterface.SetAllCustomScriptAssemblyJsons (System.String[] allAssemblyJsons) [0x00007] in C:\buildslave\unity\build\Editor\Mono\Scripting\ScriptCompilation\EditorCompilationInterface.cs:217 
 
(Filename: C:/buildslave/unity/build/Editor/Mono/Scripting/ScriptCompilation/EditorBuildRules.cs Line: 249)

Load scene 'Assets/Scenes/SampleScene.unity' time: 0.020600 ms 
LightmapEditorSettings: switching bake backend from 1 to 0.
Unloading 97 Unused Serialized files (Serialized files now loaded: 0)
System memory in use before: 134.7 MB.
System memory in use after: 134.7 MB.

Unloading 51 unused Assets to reduce memory usage. Loaded Objects now: 1003.
Total: 3.762900 ms (FindLiveObjects: 0.291300 ms CreateObjectMapping: 0.018300 ms MarkObjects: 3.406900 ms  DeleteObjects: 0.045200 ms)

<RI> Initialized touch support.
<RI> Initialized touch support.
<RI> Initialized touch support.
<RI> Initialized touch support.
<RI> Initialized touch support.
<RI> Initialized touch support.
<RI> Initialized touch support.
Refreshing native plugins compatible for Editor in 14.38 ms, found 11 plugins.
<RI> Initializing input.
<RI> Input initialized.
Launched and connected shader compiler UnityShaderCompiler.exe after 0.04 seconds
- Starting compile Library/ScriptAssemblies/Assembly-CSharp.dll
Hub Web Socket connection default:(null):reason:29
Hub Web Socket HTTP protocol init
- Finished compile Library/ScriptAssemblies/Assembly-CSharp.dll
Symbols will be read from Temp\Assembly-CSharp.pdb
Script Module: Assembly-CSharp.dll
Pass: 0 took 17 milliseconds
Pass: 1 took 2 milliseconds
Reloading assemblies after finishing script compilation.
Begin MonoManager ReloadAssembly
Initializing Unity.PackageManager (PackageManager) v2018.3.11 for Unity v2018.3.11f1
Registering platform support modules:
Registered platform support modules in: 0.035707s.
Native extension for Android target not found
Native extension for Metro target not found
Native extension for WebGL target not found
Native extension for WindowsStandalone target not found
Refreshing native plugins compatible for Editor in 0.84 ms, found 11 plugins.
Preloading 1 native plugins for Editor in 0.11 ms.
Unable to find bridge dll in registry for Microsoft Visual Studio Tools for Unity for C:/Program Files (x86)/Microsoft Visual Studio/2017/Community/Common7/IDE/devenv.exe
PrecompiledAssemblyException: Multiple precompiled assemblies with the same name Confluent.Kafka.dll included for the current platform. Only one assembly with the same name is allowed per platform. Assembly path: {0}
  at UnityEditor.Scripting.ScriptCompilation.EditorBuildRules.CreateTargetAssemblies (System.Collections.Generic.IEnumerable`1[T] customScriptAssemblies, System.Collections.Generic.IEnumerable`1[T] precompiledAssemblies) [0x0028e] in C:\buildslave\unity\build\Editor\Mono\Scripting\ScriptCompilation\EditorBuildRules.cs:249 
  at UnityEditor.Scripting.ScriptCompilation.EditorCompilation.UpdateCustomTargetAssemblies () [0x00032] in C:\buildslave\unity\build\Editor\Mono\Scripting\ScriptCompilation\EditorCompilation.cs:619 
  at UnityEditor.Scripting.ScriptCompilation.EditorCompilation.SetAllCustomScriptAssemblyJsons (System.String[] paths) [0x002e3] in C:\buildslave\unity\build\Editor\Mono\Scripting\ScriptCompilation\EditorCompilation.cs:729 
  at UnityEditor.Scripting.ScriptCompilation.EditorCompilationInterface.SetAllCustomScriptAssemblyJsons (System.String[] allAssemblyJsons) [0x00007] in C:\buildslave\unity\build\Editor\Mono\Scripting\ScriptCompilation\EditorCompilationInterface.cs:217 
 
(Filename: C:/buildslave/unity/build/Editor/Mono/Scripting/ScriptCompilation/EditorBuildRules.cs Line: 249)

Mono: successfully reloaded assembly
Refreshing native plugins compatible for Editor in 0.85 ms, found 11 plugins.
Preloading 1 native plugins for Editor in 0.11 ms.
- Completed reload, in  1.574 seconds
Platform modules already initialized, skipping
Hub Web Socket filter pre-establish
Hub Web Socket connection established
Created GICache directory at C:/Users/bitte/AppData/LocalLow/Unity/Caches/GiCache. Took: 0.027s, timestamps: [6.726 - 6.752]
Issue TrimJob to reduce GI Cache size to maximum 10GB at: 'C:/Users/bitte/AppData/LocalLow/Unity/Caches/GiCache'
Setting up 6 worker threads for Enlighten.
  Thread -> id: 5964 -> priority: 1 
  Thread -> id: 214c -> priority: 1 
  Thread -> id: 3aac -> priority: 1 
  Thread -> id: 4e90 -> priority: 1 
  Thread -> id: 5318 -> priority: 1 
  Thread -> id: 609c -> priority: 1 
TrimDiskCacheJob: Current cache size 2mb
Refresh: detecting if any assets need to be imported or removed ...

Refresh Completed time: 0.024883s
	Asset Scan time: 0.022796s
	Asset Hashing: 0.000000s [0 B, 0.000000 mb/s]
	Asset Import (Scripting) time: 0.000000s (count: 0)
	Post Processs Assets (Scripting) time: 0.000000s
	Asset Rehashing: 0.000000s [0 B, 0.000000 mb/s]
	Asset Import (Non Scripting) time: 0.000000s (count: 0)
	Post Process Assets (Non Scripting) time: 0.000000s
	Dependent Assets to Import Queue time: 0.000000s

[Performance] CurlRequestCheck                        :        3 samples, Peak.  46.9 ms (2.6x), Avg.  18.1 ms, Total. 54.45 ms (0.2%)
[Performance] PackageManager::RunRequestSynchronously :        4 samples, Peak.  17.8 ms (3.0x), Avg.  5.89 ms, Total. 23.56 ms (0.1%)
[Performance] SceneView.OnGUI                         :       34 samples, Peak.  98.3 ms (17.1x), Avg.  5.75 ms, Total. 195.5 ms (0.6%)
[Performance] ProjectBrowser.OnGUI                    :       12 samples, Peak.  38.2 ms (5.5x), Avg.  6.90 ms, Total. 82.75 ms (0.3%)
[Performance] InspectorWindow.OnGUI                   :       14 samples, Peak.  4.68 ms (6.2x), Avg.   751 us, Total. 10.52 ms (0.0%)
[Performance] SceneHierarchyWindow.OnGUI              :       14 samples, Peak.  6.67 ms (4.4x), Avg.  1.51 ms, Total. 21.19 ms (0.1%)
[Performance] ConsoleWindow.OnGUI                     :       12 samples, Peak.  9.67 ms (4.7x), Avg.  2.06 ms, Total. 24.73 ms (0.1%)
[Performance] ApplicationTickTimer                    :      201 samples, Peak.  2.04 s (159.7x), Avg.  12.8 ms, Total. 2.573 s (8.6%)
[Performance] License.Tick                            :      200 samples, Peak.  2.80 us (3.0x), Avg.   942 ns, Total. 188.5 us (0.0%)
[Performance] VCProvider                              :      201 samples, Peak.  16.2 us (11.8x), Avg.  1.37 us, Total. 276.1 us (0.0%)
[Performance] MonoCompiler.Tick                       :      101 samples, Peak.  1.77 s (98.6x), Avg.  17.9 ms, Total. 1.812 s (6.0%)
[Performance] Internal_SwitchSkin                     :      201 samples, Peak.   400 ns (5.1x), Avg.  78.6 ns, Total. 15.80 us (0.0%)
[Performance] UnityConnect.Tick                       :      199 samples, Peak.   205 ms (198.3x), Avg.  1.04 ms, Total. 206.0 ms (0.7%)
[Performance] HubClient.CheckCurlRequests             :        3 samples, Peak.  15.2 us (2.3x), Avg.  6.67 us, Total. 20.00 us (0.0%)
[Performance] UnityConnect.PollInfo                   :        5 samples, Peak.  31.0 us (2.1x), Avg.  14.5 us, Total. 72.60 us (0.0%)
[Performance] Collab.Tick                             :      199 samples, Peak.   194 us (53.1x), Avg.  3.65 us, Total. 726.0 us (0.0%)
[Performance] WebView.Tick                            :      200 samples, Peak.   628 us (4.5x), Avg.   141 us, Total. 28.20 ms (0.1%)
[Performance] CurlRequest.Tick                        :      198 samples, Peak.  17.8 ms (193.1x), Avg.  92.2 us, Total. 18.26 ms (0.1%)
[Performance] WebSocketClient.Tick                    :      198 samples, Peak.   407 us (22.6x), Avg.  18.0 us, Total. 3.572 ms (0.0%)
[Performance] SceneBackgroundTask.Tick                :      101 samples, Peak.   900 ns (2.8x), Avg.   325 ns, Total. 32.80 us (0.0%)
[Performance] Scheduler.Tick                          :      200 samples, Peak.  2.21 ms (49.0x), Avg.  45.0 us, Total. 9.007 ms (0.0%)
[Performance] RepaintAllProfilerWindows               :        2 samples, Peak.   461 us (1.1x), Avg.   423 us, Total. 846.3 us (0.0%)
[Performance] PlayerUpdates.Tick                      :      199 samples, Peak.  59.3 us (1.9x), Avg.  30.8 us, Total. 6.131 ms (0.0%)
[Performance] GlobalCallbacks                         :      201 samples, Peak.  1.52 ms (49.0x), Avg.  31.0 us, Total. 6.226 ms (0.0%)
[Performance] EditorAnalytics.Tick                    :       68 samples, Peak.  5.20 us (1.8x), Avg.  2.88 us, Total. 195.5 us (0.0%)
[Performance] GI.Tick                                 :        3 samples, Peak.  1.51 ms (2.8x), Avg.   541 us, Total. 1.624 ms (0.0%)
[Performance] Video.Update                            :      201 samples, Peak.  5.00 us (5.3x), Avg.   936 ns, Total. 188.2 us (0.0%)
[Performance] UnitySynchronization.ExecuteTasks       :      199 samples, Peak.  1.20 ms (63.9x), Avg.  18.7 us, Total. 3.729 ms (0.0%)
[Performance] PreloadManager                          :      201 samples, Peak.  1.14 ms (71.8x), Avg.  15.8 us, Total. 3.185 ms (0.0%)
[Performance] SceneTracker                            :      201 samples, Peak.  40.9 ms (47.5x), Avg.   861 us, Total. 173.1 ms (0.6%)
[Performance] ConsoleLog.Tick                         :      101 samples, Peak.   202 us (21.9x), Avg.  9.22 us, Total. 931.5 us (0.0%)
[Performance] HierarchyWindow.Tick                    :        3 samples, Peak.  1.16 ms (3.0x), Avg.   386 us, Total. 1.158 ms (0.0%)
[Performance] Inspector.Tick                          :        3 samples, Peak.  1.12 ms (1.3x), Avg.   878 us, Total. 2.633 ms (0.0%)
[Performance] Tooltip.Tick                            :        3 samples, Peak.  13.7 us (1.5x), Avg.  9.33 us, Total. 28.00 us (0.0%)
[Performance] RequestRepaintForPanels                 :        3 samples, Peak.   321 us (1.6x), Avg.   195 us, Total. 585.3 us (0.0%)
[Performance] UpdateSceneIfNeeded                     :        3 samples, Peak.   208 ms (2.5x), Avg.  83.8 ms, Total. 251.5 ms (0.8%)
[Performance] UpdateVideoTextures                     :        3 samples, Peak.  1.00 us (1.6x), Avg.   633 ns, Total. 1.900 us (0.0%)
[Performance] PackageImporter.Tick                    :      100 samples, Peak.  7.40 us (14.5x), Avg.   512 ns, Total. 51.20 us (0.0%)
[Performance] InspectorBackground.Tick                :      100 samples, Peak.  2.60 us (2.2x), Avg.  1.20 us, Total. 119.5 us (0.0%)
[Performance] ChangeLayoutIfNeeded                    :      201 samples, Peak.   700 ns (3.4x), Avg.   205 ns, Total. 41.20 us (0.0%)
[Performance] AsyncReadManager.ForceCloseFiles        :       21 samples, Peak.   122 us (17.0x), Avg.  7.21 us, Total. 151.4 us (0.0%)
[Performance] InactiveGI.Tick                         :       66 samples, Peak.  91.3 us (2.0x), Avg.  46.7 us, Total. 3.082 ms (0.0%)
[Performance] RepaintAll                              :      198 samples, Peak.  9.03 ms (52.5x), Avg.   172 us, Total. 34.05 ms (0.1%)
Refresh: detecting if any assets need to be imported or removed ...

Refresh Completed time: 0.022631s
	Asset Scan time: 0.020957s
	Asset Hashing: 0.000000s [0 B, 0.000000 mb/s]
	Asset Import (Scripting) time: 0.000000s (count: 0)
	Post Processs Assets (Scripting) time: 0.000000s
	Asset Rehashing: 0.000000s [0 B, 0.000000 mb/s]
	Asset Import (Non Scripting) time: 0.000000s (count: 0)
	Post Process Assets (Non Scripting) time: 0.000000s
	Dependent Assets to Import Queue time: 0.000000s

Refresh: detecting if any assets need to be imported or removed ...

Refresh Completed time: 0.023003s
	Asset Scan time: 0.021258s
	Asset Hashing: 0.000000s [0 B, 0.000000 mb/s]
	Asset Import (Scripting) time: 0.000000s (count: 0)
	Post Processs Assets (Scripting) time: 0.000000s
	Asset Rehashing: 0.000000s [0 B, 0.000000 mb/s]
	Asset Import (Non Scripting) time: 0.000000s (count: 0)
	Post Process Assets (Non Scripting) time: 0.000000s
	Dependent Assets to Import Queue time: 0.000000s

[Package Manager] Server::Kill -- Server was shutdown
Cleanup mono
Checking for leaked weakptr:
  Found no leaked weakptrs.
##utp:{"type":"MemoryLeaks","version":2,"phase":"Immediate","time":1572109684167,"processId":12660,"allocatedMemory":515209,"memoryLabels":[{"Default":1180},{"NewDelete":311510},{"Thread":8},{"Manager":640},{"VertexData":528},{"GfxDevice":752},{"Physics":97},{"Serialization":40},{"Terrain":112},{"String":49975},{"DynamicArray":33128},{"HashMap":768},{"Curl":1376},{"PoolAlloc":8},{"Sprites":8},{"GI":480},{"VR":2471},{"Secure":8},{"Image":16400},{"EditorGui":320},{"EditorUtility":1132},{"AssetImporter":32},{"RestService":248},{"License":8},{"UnityConnect":20880},{"Collab":696},{"Upm":69548},{"HubClient":64},{"WebSocketClient":2792}]}
